Iter     Function value    √(Σ(yᵢ-ȳ)²)/n 
------   --------------    --------------
     0     4.527034e-02     2.180551e-01
 * time: 0.04230093955993652
     1     4.527034e-02     1.171905e-01
 * time: 2.6648178100585938
     2     4.527034e-02     8.432331e-02
 * time: 4.1563639640808105
     3     4.527034e-02     7.018713e-02
 * time: 7.263978004455566
     4     4.527034e-02     5.199563e-02
 * time: 8.833472967147827
     5     4.527034e-02     4.351791e-02
 * time: 11.702195882797241
     6     4.527034e-02     3.788020e-02
 * time: 12.830528974533081
     7     4.527034e-02     2.968320e-02
 * time: 15.25277590751648
     8     4.527034e-02     1.510107e-02
 * time: 17.876204013824463
     9     4.527034e-02     1.272279e-02
 * time: 20.304467916488647
    10     4.527034e-02     1.045428e-02
 * time: 23.298521995544434
    11     4.527034e-02     8.959109e-03
 * time: 26.53140091896057
    12     4.527034e-02     8.092696e-03
 * time: 30.181994915008545
    13     4.527034e-02     7.687395e-03
 * time: 32.002434968948364
    14     4.527034e-02     7.193242e-03
 * time: 35.782240867614746
    15     4.527034e-02     6.799383e-03
 * time: 37.50846982002258
    16     4.527034e-02     6.372986e-03
 * time: 41.27943301200867
    17     4.527034e-02     5.858951e-03
 * time: 44.97680592536926
    18     4.527034e-02     5.388360e-03
 * time: 47.06064295768738
    19     4.527034e-02     4.989672e-03
 * time: 49.138086795806885
    20     4.527034e-02     4.669681e-03
 * time: 53.45033288002014
    21     4.527034e-02     4.642450e-03
 * time: 57.57806897163391
    22     4.527034e-02     4.562563e-03
 * time: 59.48039197921753
    23     4.527034e-02     4.271403e-03
 * time: 61.37977695465088
    24     4.527034e-02     3.926211e-03
 * time: 63.44659781455994
    25     4.527034e-02     3.573949e-03
 * time: 66.67656803131104
    26     4.527034e-02     3.747182e-03
 * time: 70.1340548992157
    27     4.497041e-02     3.464163e-03
 * time: 73.85318684577942
    28     4.497041e-02     3.258892e-03
 * time: 76.89757895469666
    29     4.497041e-02     2.999291e-03
 * time: 78.2463788986206
    30     4.497041e-02     2.779122e-03
 * time: 81.40779495239258
    31     4.497041e-02     2.680961e-03
 * time: 84.57948398590088
    32     4.497041e-02     2.620604e-03
 * time: 88.30640387535095
    33     4.497041e-02     2.642661e-03
 * time: 89.71975684165955
    34     4.497041e-02     2.465143e-03
 * time: 92.62469601631165
    35     4.497041e-02     2.371455e-03
 * time: 93.85578894615173
    36     4.497041e-02     2.138692e-03
 * time: 95.44561791419983
    37     4.497041e-02     1.828593e-03
 * time: 98.58649802207947
    38     4.497041e-02     1.557183e-03
 * time: 101.80304789543152
    39     4.497041e-02     1.410058e-03
 * time: 105.20208883285522
    40     4.497041e-02     1.246932e-03
 * time: 108.00251388549805
    41     4.497041e-02     2.447019e-03
 * time: 127.53880000114441
    42     4.307281e-02     2.126403e-03
 * time: 129.9890739917755
    43     4.307281e-02     2.011186e-03
 * time: 132.61777997016907
    44     4.307281e-02     1.797797e-03
 * time: 134.02500796318054
    45     4.307281e-02     1.508036e-03
 * time: 136.67489099502563
    46     4.307281e-02     1.291958e-03
 * time: 139.46732687950134
    47     4.307281e-02     1.336566e-03
 * time: 160.94445395469666
    48     4.231530e-02     1.126038e-03
 * time: 163.87647795677185
    49     4.231530e-02     1.108371e-03
 * time: 165.25477600097656
    50     4.231530e-02     1.078696e-03
 * time: 166.6909098625183
    51     4.231530e-02     1.145314e-03
 * time: 167.92366886138916
    52     4.231530e-02     1.863016e-03
 * time: 170.48914790153503
    53     3.910688e-02     1.847503e-03
 * time: 190.48071002960205
    54     3.910688e-02     1.749930e-03
 * time: 193.20662689208984
    55     3.910688e-02     1.655310e-03
 * time: 196.10021591186523
    56     3.910688e-02     1.616523e-03
 * time: 198.55293583869934
    57     3.910688e-02     1.623873e-03
 * time: 199.89668798446655
    58     3.910688e-02     1.962339e-03
 * time: 219.6033070087433
    59     3.910688e-02     1.862829e-03
 * time: 221.6983289718628
    60     3.910688e-02     2.251580e-03
 * time: 242.4146490097046
    61     3.910688e-02     1.944796e-03
 * time: 244.16072297096252
    62     3.910688e-02     1.914412e-03
 * time: 245.60501885414124
    63     3.910688e-02     1.881829e-03
 * time: 247.10370993614197
    64     3.910688e-02     2.271614e-03
 * time: 269.88857984542847
    65     3.910688e-02     2.773368e-03
 * time: 274.48445200920105
    66     3.644861e-02     2.639452e-03
 * time: 278.52654480934143
    67     3.644861e-02     3.112218e-03
 * time: 298.63366889953613
    68     3.644861e-02     2.785292e-03
 * time: 299.88165283203125
    69     3.644861e-02     2.772071e-03
 * time: 302.29586601257324
    70     3.644861e-02     3.247365e-03
 * time: 319.198961019516
    71     3.644861e-02     3.295842e-03
 * time: 334.9717288017273
    72     3.644861e-02     3.183908e-03
 * time: 337.53851294517517
    73     3.644861e-02     2.925221e-03
 * time: 338.9679398536682
    74     3.644861e-02     2.917318e-03
 * time: 341.8587558269501
    75     3.644861e-02     2.753873e-03
 * time: 344.8479688167572
    76     3.644861e-02     2.421671e-03
 * time: 346.3394868373871
    77     3.644861e-02     2.734014e-03
 * time: 367.1734139919281
    78     3.644861e-02     2.562533e-03
 * time: 368.4893488883972
    79     3.644861e-02     3.220709e-03
 * time: 385.766548871994
    80     3.644861e-02     2.591334e-03
 * time: 388.07378101348877
    81     3.644861e-02     3.052364e-03
 * time: 407.2595748901367
    82     3.644861e-02     2.800901e-03
 * time: 427.3012058734894
    83     3.644861e-02     2.951653e-03
 * time: 445.0788218975067
    84     3.644861e-02     2.408025e-03
 * time: 447.411652803421
    85     3.644861e-02     2.083884e-03
 * time: 450.33044481277466
    86     3.605259e-02     2.051434e-03
 * time: 452.7944428920746
    87     3.605259e-02     1.677039e-03
 * time: 453.961786031723
    88     3.605259e-02     1.895937e-03
 * time: 456.64180994033813
    89     3.504385e-02     1.861074e-03
 * time: 459.6542749404907
    90     3.504385e-02     1.785683e-03
 * time: 460.8217279911041
    91     3.504385e-02     1.676667e-03
 * time: 463.2049729824066
    92     3.504385e-02     1.607820e-03
 * time: 465.69721484184265
    93     3.504385e-02     1.590064e-03
 * time: 468.7105770111084
    94     3.504385e-02     1.521057e-03
 * time: 471.29555082321167
    95     3.504385e-02     1.434048e-03
 * time: 489.2231888771057
    96     3.504385e-02     1.616165e-03
 * time: 491.68624901771545
    97     3.481027e-02     1.712229e-03
 * time: 509.7076098918915
    98     3.481027e-02     1.495586e-03
 * time: 512.3147759437561
    99     3.481027e-02     1.485927e-03
 * time: 515.7060589790344
   100     3.481027e-02     1.298043e-03
 * time: 532.3940849304199
   101     3.481027e-02     1.341141e-03
 * time: 550.8196988105774
   102     3.481027e-02     1.210116e-03
 * time: 552.4169659614563
   103     3.481027e-02     1.137699e-03
 * time: 554.9657859802246
   104     3.481027e-02     1.318132e-03
 * time: 573.2313690185547
   105     3.481027e-02     1.264051e-03
 * time: 576.0054659843445
   106     3.481027e-02     1.217038e-03
 * time: 577.5519199371338
   107     3.481027e-02     1.181278e-03
 * time: 595.683219909668
   108     3.481027e-02     1.503135e-03
 * time: 615.028892993927
   109     3.397050e-02     1.392016e-03
 * time: 634.7833440303802
   110     3.397050e-02     1.255121e-03
 * time: 636.5582458972931
   111     3.397050e-02     1.464565e-03
 * time: 654.7158949375153
   112     3.397050e-02     1.444208e-03
 * time: 672.2691659927368
   113     3.397050e-02     1.380910e-03
 * time: 692.2968299388885
   114     3.397050e-02     1.041174e-03
 * time: 694.4482879638672
   115     3.397050e-02     1.123835e-03
 * time: 712.2716419696808
   116     3.397050e-02     1.423674e-03
 * time: 730.3547718524933
   117     3.397050e-02     8.658973e-04
 * time: 732.8790678977966
   118     3.397050e-02     8.489802e-04
 * time: 733.9510288238525
   119     3.397050e-02     8.017965e-04
 * time: 735.0988409519196
   120     3.397050e-02     8.610982e-04
 * time: 752.9301538467407
   121     3.397050e-02     7.106233e-04
 * time: 755.4954078197479
   122     3.397050e-02     7.403751e-04
 * time: 758.5355257987976
   123     3.327089e-02     6.708602e-04
 * time: 760.1030268669128
   124     3.327089e-02     9.261668e-04
 * time: 776.3829200267792
   125     3.327089e-02     8.434416e-04
 * time: 777.5965359210968
   126     3.327089e-02     8.620938e-04
 * time: 778.8092119693756
   127     3.327089e-02     9.471344e-04
 * time: 781.6190328598022
   128     3.318149e-02     9.043319e-04
 * time: 783.0654368400574
   129     3.318149e-02     8.671133e-04
 * time: 784.4663779735565
   130     3.318149e-02     1.247873e-03
 * time: 800.6712028980255
   131     3.318149e-02     1.106021e-03
 * time: 802.0494618415833
   132     3.318149e-02     9.954314e-04
 * time: 804.6572070121765
   133     3.318149e-02     9.136888e-04
 * time: 805.932265996933
   134     3.318149e-02     8.526750e-04
 * time: 807.3085207939148
   135     3.318149e-02     7.637532e-04
 * time: 808.7313070297241
   136     3.318149e-02     6.787744e-04
 * time: 811.1566879749298
   137     3.318149e-02     6.405251e-04
 * time: 813.5741829872131
   138     3.318149e-02     1.404980e-03
 * time: 831.6807539463043
   139     3.318149e-02     9.193893e-04
 * time: 834.4008820056915
   140     3.318149e-02     8.550049e-04
 * time: 835.7802739143372
   141     3.318149e-02     7.928703e-04
 * time: 838.3394539356232
   142     3.318149e-02     7.776897e-04
 * time: 839.5378048419952
   143     3.318149e-02     7.432170e-04
 * time: 841.6830468177795
   144     3.318149e-02     7.206400e-04
 * time: 844.3759858608246
   145     3.318149e-02     7.158896e-04
 * time: 845.625147819519
   146     3.318149e-02     6.964937e-04
 * time: 847.9541509151459
   147     3.318149e-02     6.425102e-04
 * time: 849.0550029277802
   148     3.318149e-02     6.130045e-04
 * time: 850.1138489246368
   149     3.318149e-02     5.814669e-04
 * time: 852.2496409416199
   150     3.318149e-02     6.188237e-04
 * time: 853.2926268577576
   151     3.318149e-02     6.130301e-04
 * time: 854.3328130245209
   152     3.318149e-02     5.820254e-04
 * time: 856.7719688415527
   153     3.318149e-02     5.400727e-04
 * time: 858.384673833847
   154     3.318149e-02     5.001998e-04
 * time: 859.704512834549
   155     3.318149e-02     4.597257e-04
 * time: 861.8164179325104
   156     3.318149e-02     9.410580e-04
 * time: 878.8800268173218
   157     3.318149e-02     8.503401e-04
 * time: 880.0085389614105
   158     3.318149e-02     7.150479e-04
 * time: 881.101156949997
   159     3.318149e-02     5.980114e-04
 * time: 882.5592408180237
   160     3.318149e-02     5.078392e-04
 * time: 885.5099349021912
   161     3.318149e-02     4.387450e-04
 * time: 887.896646976471
   162     3.318149e-02     3.692867e-04
 * time: 889.0970067977905
   163     3.318149e-02     4.095222e-04
 * time: 891.214329957962
   164     3.310600e-02     3.803523e-04
 * time: 893.999449968338
   165     3.310600e-02     8.592821e-04
 * time: 915.2188549041748
   166     3.310600e-02     7.824898e-04
 * time: 916.7332329750061
   167     3.310600e-02     7.542111e-04
 * time: 920.1721198558807
   168     3.310600e-02     7.190759e-04
 * time: 921.4601278305054
   169     3.310600e-02     6.730644e-04
 * time: 922.7745378017426
   170     3.310600e-02     6.518093e-04
 * time: 924.1544218063354
   171     3.310600e-02     6.190447e-04
 * time: 925.4294109344482
   172     3.310600e-02     5.659701e-04
 * time: 926.7621560096741
   173     3.310600e-02     4.923766e-04
 * time: 929.250944852829
   174     3.310600e-02     4.635157e-04
 * time: 931.9601578712463
   175     3.310600e-02     4.524104e-04
 * time: 935.28782081604
   176     3.310600e-02     6.790780e-04
 * time: 953.0107319355011
   177     3.308438e-02     6.744814e-04
 * time: 956.3554840087891
   178     3.308438e-02     6.455790e-04
 * time: 959.1035048961639
   179     3.308438e-02     6.194845e-04
 * time: 960.4612419605255
   180     3.308438e-02     6.094413e-04
 * time: 962.1178469657898
   181     3.308438e-02     8.361161e-04
 * time: 981.7097368240356
   182     3.308438e-02     7.291110e-04
 * time: 983.3037219047546
   183     3.308438e-02     6.392525e-04
 * time: 984.7133088111877
   184     3.308438e-02     5.629243e-04
 * time: 986.0743060112
   185     3.308438e-02     4.969187e-04
 * time: 987.6473519802094
   186     3.308438e-02     4.856075e-04
 * time: 989.2791478633881
   187     3.308438e-02     4.597506e-04
 * time: 990.7025339603424
   188     3.308438e-02     4.340824e-04
 * time: 994.3371798992157
   189     3.308438e-02     4.177450e-04
 * time: 997.194258928299
   190     3.308438e-02     3.918532e-04
 * time: 998.6748650074005
   191     3.308438e-02     5.860652e-04
 * time: 1002.0811529159546
   192     3.224019e-02     5.631791e-04
 * time: 1003.8721959590912
   193     3.224019e-02     5.560565e-04
 * time: 1005.4683818817139
   194     3.224019e-02     5.519253e-04
 * time: 1008.3686788082123
   195     3.224019e-02     5.477383e-04
 * time: 1009.8538188934326
   196     3.224019e-02     7.594006e-04
 * time: 1029.3648920059204
   197     3.224019e-02     7.100134e-04
 * time: 1030.8109958171844
   198     3.224019e-02     6.658071e-04
 * time: 1033.3562808036804
   199     3.224019e-02     6.442541e-04
 * time: 1035.7191128730774
   200     3.224019e-02     6.100412e-04
 * time: 1037.0506699085236
   201     3.224019e-02     8.002687e-04
 * time: 1055.240868806839
   202     3.224019e-02     7.496625e-04
 * time: 1056.5582118034363
   203     3.224019e-02     7.954198e-04
 * time: 1057.7346749305725
   204     3.224019e-02     7.292514e-04
 * time: 1060.0196449756622
   205     3.224019e-02     7.098858e-04
 * time: 1061.324798822403
   206     3.224019e-02     6.554138e-04
 * time: 1063.9929749965668
   207     3.224019e-02     6.453187e-04
 * time: 1083.1814289093018
   208     3.224019e-02     6.054683e-04
 * time: 1086.2646930217743
   209     3.224019e-02     5.944800e-04
 * time: 1089.4119420051575
   210     3.224019e-02     5.908461e-04
 * time: 1092.0788469314575
   211     3.224019e-02     5.715215e-04
 * time: 1093.183928012848
   212     3.224019e-02     5.905992e-04
 * time: 1095.5121409893036
   213     3.224019e-02     5.698413e-04
 * time: 1096.6613910198212
   214     3.224019e-02     9.695200e-04
 * time: 1117.1658430099487
   215     3.224019e-02     9.401003e-04
 * time: 1118.4651718139648
   216     3.224019e-02     9.010688e-04
 * time: 1119.8726019859314
   217     3.224019e-02     8.560380e-04
 * time: 1121.7635807991028
   218     3.224019e-02     8.332589e-04
 * time: 1122.9451398849487
   219     3.224019e-02     8.025455e-04
 * time: 1124.234270811081
   220     3.224019e-02     8.423522e-04
 * time: 1141.6267449855804
   221     3.224019e-02     7.536448e-04
 * time: 1144.4720828533173
   222     3.224019e-02     6.805601e-04
 * time: 1145.7097408771515
   223     3.224019e-02     6.225489e-04
 * time: 1148.0384039878845
   224     3.224019e-02     6.127063e-04
 * time: 1150.4162847995758
   225     3.224019e-02     7.249801e-04
 * time: 1167.38281583786
   226     3.224019e-02     6.745759e-04
 * time: 1168.6588850021362
   227     3.224019e-02     6.297531e-04
 * time: 1169.8862438201904
   228     3.224019e-02     5.717509e-04
 * time: 1171.0330839157104
   229     3.224019e-02     5.525250e-04
 * time: 1172.2041239738464
   230     3.224019e-02     5.356105e-04
 * time: 1173.324373960495
   231     3.224019e-02     8.363794e-04
 * time: 1189.809527873993
   232     3.224019e-02     6.148993e-04
 * time: 1191.8821768760681
   233     3.224019e-02     5.268724e-04
 * time: 1193.1449508666992
   234     3.224019e-02     4.895027e-04
 * time: 1194.4941008090973
   235     3.224019e-02     4.467214e-04
 * time: 1195.777177810669
   236     3.224019e-02     4.182336e-04
 * time: 1197.077929019928
   237     3.224019e-02     4.095872e-04
 * time: 1198.3555619716644
   238     3.224019e-02     5.840460e-04
 * time: 1215.3487539291382
   239     3.224019e-02     5.131984e-04
 * time: 1218.167974948883
   240     3.224019e-02     4.863838e-04
 * time: 1220.5679969787598
   241     3.224019e-02     7.089224e-04
 * time: 1237.055104970932
   242     3.224019e-02     6.542112e-04
 * time: 1238.2429230213165
   243     3.224019e-02     6.143038e-04
 * time: 1239.4438788890839
   244     3.224019e-02     5.682748e-04
 * time: 1240.685115814209
   245     3.224019e-02     5.186394e-04
 * time: 1241.9635980129242
   246     3.224019e-02     4.515051e-04
 * time: 1243.1355760097504
   247     3.224019e-02     6.388783e-04
 * time: 1260.3623759746552
   248     3.224019e-02     5.975257e-04
 * time: 1263.4838960170746
   249     3.218549e-02     5.618693e-04
 * time: 1282.0252168178558
   250     3.218549e-02     5.055739e-04
 * time: 1283.5701308250427
   251     3.218549e-02     7.786999e-04
 * time: 1304.1410648822784
   252     3.218549e-02     6.681532e-04
 * time: 1307.061429977417
   253     3.218549e-02     6.210588e-04
 * time: 1308.3945178985596
   254     3.218549e-02     7.798949e-04
 * time: 1327.3951468467712
   255     3.218549e-02     7.031197e-04
 * time: 1329.1002399921417
   256     3.218549e-02     6.608929e-04
 * time: 1331.0763728618622
   257     3.218549e-02     6.024044e-04
 * time: 1332.3946788311005
   258     3.218549e-02     5.383124e-04
 * time: 1333.5565729141235
   259     3.218549e-02     6.652789e-04
 * time: 1350.6121349334717
   260     3.218549e-02     6.006324e-04
 * time: 1351.8130989074707
   261     3.218549e-02     5.140392e-04
 * time: 1353.2984600067139
   262     3.218549e-02     8.169715e-04
 * time: 1368.6070380210876
   263     3.186916e-02     6.949373e-04
 * time: 1369.9080820083618
   264     3.186916e-02     6.310217e-04
 * time: 1371.6826148033142
   265     3.186916e-02     5.734466e-04
 * time: 1373.7077219486237
   266     3.186916e-02     7.088114e-04
 * time: 1392.8933408260345
   267     3.186916e-02     6.195501e-04
 * time: 1395.8060398101807
   268     3.186916e-02     5.858679e-04
 * time: 1397.4208989143372
   269     3.186916e-02     5.429723e-04
 * time: 1398.8129959106445
   270     3.186916e-02     5.010590e-04
 * time: 1400.2635939121246
   271     3.186916e-02     4.473071e-04
 * time: 1401.6159739494324
   272     3.186916e-02     3.796340e-04
 * time: 1405.3211920261383
   273     3.186916e-02     6.434724e-04
 * time: 1426.372139930725
   274     3.186916e-02     5.830359e-04
 * time: 1427.566888809204
   275     3.186916e-02     5.400377e-04
 * time: 1430.1013259887695
   276     3.186916e-02     6.406984e-04
 * time: 1449.2284078598022
   277     3.186916e-02     5.361420e-04
 * time: 1450.4385118484497
   278     3.186916e-02     4.456159e-04
 * time: 1451.7040708065033
   279     3.186916e-02     4.135012e-04
 * time: 1452.8917548656464
   280     3.186916e-02     3.706685e-04
 * time: 1455.2788770198822
   281     3.186916e-02     3.470671e-04
 * time: 1457.5954368114471
   282     3.186916e-02     4.057508e-04
 * time: 1478.5963640213013
   283     3.186916e-02     4.100445e-04
 * time: 1498.0281958580017
   284     3.186916e-02     4.460604e-04
 * time: 1516.218650817871
   285     3.186916e-02     4.220183e-04
 * time: 1537.4120779037476
   286     3.186916e-02     3.823160e-04
 * time: 1540.512120962143
   287     3.186916e-02     5.024977e-04
 * time: 1558.2098488807678
   288     3.186916e-02     3.323656e-04
 * time: 1560.9620788097382
   289     3.186916e-02     5.584699e-04
 * time: 1581.0238208770752
   290     3.186916e-02     3.085095e-04
 * time: 1583.7960209846497
   291     3.186916e-02     2.846554e-04
 * time: 1587.2448689937592
   292     3.186916e-02     2.862037e-04
 * time: 1605.2928578853607
   293     3.186916e-02     2.603929e-04
 * time: 1606.4824697971344
   294     3.186916e-02     2.286431e-04
 * time: 1607.849268913269
   295     3.186916e-02     2.211591e-04
 * time: 1609.3641648292542
   296     3.186916e-02     2.171504e-04
 * time: 1610.8373348712921
   297     3.186916e-02     2.130683e-04
 * time: 1613.4840610027313
   298     3.186916e-02     2.029109e-04
 * time: 1633.9088068008423
   299     3.186916e-02     2.044593e-04
 * time: 1635.2012259960175
   300     3.186916e-02     1.977648e-04
 * time: 1637.55632686615
   301     3.186916e-02     1.848625e-04
 * time: 1638.6718440055847
   302     3.186916e-02     1.677879e-04
 * time: 1639.7707238197327
   303     3.186916e-02     1.643314e-04
 * time: 1641.990110874176
   304     3.186916e-02     1.463087e-04
 * time: 1643.2141819000244
   305     3.186916e-02     1.676847e-04
 * time: 1659.4573240280151
   306     3.186916e-02     1.667574e-04
 * time: 1661.8435258865356
   307     3.186916e-02     1.206215e-04
 * time: 1663.9389758110046
   308     3.186916e-02     1.759977e-04
 * time: 1681.1109428405762
   309     3.186916e-02     1.977588e-04
 * time: 1701.7604858875275
   310     3.186916e-02     2.074884e-04
 * time: 1723.5336978435516
   311     3.186916e-02     1.906213e-04
 * time: 1725.3160288333893
   312     3.186916e-02     1.903613e-04
 * time: 1729.0437908172607
   313     3.186916e-02     1.748231e-04
 * time: 1730.7618458271027
   314     3.186916e-02     1.827117e-04
 * time: 1749.4965019226074
   315     3.186916e-02     2.024309e-04
 * time: 1769.1411910057068
   316     3.186916e-02     2.024476e-04
 * time: 1790.2017259597778
   317     3.186916e-02     1.960754e-04
 * time: 1791.4704020023346
   318     3.186916e-02     1.814209e-04
 * time: 1792.8347208499908
   319     3.186916e-02     1.940934e-04
 * time: 1809.307282924652
   320     3.186916e-02     1.818300e-04
 * time: 1810.5159258842468
   321     3.186916e-02     2.010224e-04
 * time: 1825.9426019191742
   322     3.186916e-02     2.157701e-04
 * time: 1828.1650338172913
   323     3.175900e-02     2.313581e-04
 * time: 1844.9263589382172
   324     3.175900e-02     2.257829e-04
 * time: 1863.4763519763947
   325     3.175900e-02     2.253854e-04
 * time: 1879.3210508823395
   326     3.175900e-02     2.255995e-04
 * time: 1896.936331987381
   327     3.175900e-02     2.140398e-04
 * time: 1916.2230129241943
   328     3.175900e-02     2.881704e-04
 * time: 1934.8609719276428
   329     3.175900e-02     2.375647e-04
 * time: 1936.89870595932
   330     3.175900e-02     2.390195e-04
 * time: 1953.2417278289795
   331     3.175900e-02     2.780298e-04
 * time: 1972.4260649681091
   332     3.170385e-02     2.581448e-04
 * time: 1973.7930970191956
   333     3.170385e-02     2.662879e-04
 * time: 1974.913579940796
   334     3.170385e-02     2.533742e-04
 * time: 1976.0381028652191
   335     3.170385e-02     2.533742e-04
 * time: 1993.238746881485
   336     3.170385e-02     2.564505e-04
 * time: 2012.3857548236847
   337     3.170385e-02     2.380247e-04
 * time: 2013.4608960151672
   338     3.170385e-02     2.130156e-04
 * time: 2014.8169708251953
   339     3.170385e-02     2.024147e-04
 * time: 2016.1991438865662
   340     3.170385e-02     1.909233e-04
 * time: 2017.4000549316406
   341     3.170385e-02     1.784443e-04
 * time: 2018.6028218269348
   342     3.170385e-02     1.885223e-04
 * time: 2037.6976699829102
   343     3.170385e-02     1.952408e-04
 * time: 2055.6832509040833
   344     3.170385e-02     1.826246e-04
 * time: 2073.178880929947
   345     3.170385e-02     1.913110e-04
 * time: 2091.439885854721
   346     3.170385e-02     1.913110e-04
 * time: 2109.7532908916473
   347     3.170385e-02     2.193028e-04
 * time: 2129.4362440109253
   348     3.170385e-02     2.370899e-04
 * time: 2148.2663810253143
   349     3.170385e-02     2.461244e-04
 * time: 2165.371055841446
   350     3.170379e-02     2.489608e-04
 * time: 2183.1826589107513
   351     3.170379e-02     2.483665e-04
 * time: 2185.7561960220337
   352     3.170379e-02     2.256990e-04
 * time: 2188.0093998908997
   353     3.170379e-02     1.996467e-04
 * time: 2204.3226749897003
   354     3.170379e-02     1.989660e-04
 * time: 2206.5353548526764
   355     3.170379e-02     1.463973e-04
 * time: 2207.7447369098663
   356     3.170379e-02     1.458285e-04
 * time: 2209.9630148410797
   357     3.170379e-02     1.459325e-04
 * time: 2228.297091960907
   358     3.170379e-02     1.459325e-04
 * time: 2246.214033842087
   359     3.170379e-02     1.137571e-04
 * time: 2247.2705359458923
   360     3.170379e-02     5.346297e-05
 * time: 2248.442037820816
   361     3.170379e-02     1.727539e-05
 * time: 2249.46980881691
   362     3.170379e-02     1.712126e-05
 * time: 2250.4469599723816
   363     3.170379e-02     1.711537e-05
 * time: 2252.539034843445
   364     3.170379e-02     1.710683e-05
 * time: 2253.563145875931
   365     3.170379e-02     1.710683e-05
 * time: 2269.5449290275574
   366     3.170379e-02     1.710683e-05
 * time: 2287.264652967453
   367     3.170379e-02     1.710683e-05
 * time: 2306.8372898101807
   368     3.170379e-02     1.710683e-05
 * time: 2326.615576028824
   369     3.170379e-02     1.710683e-05
 * time: 2345.213604927063
   370     3.170379e-02     1.710683e-05
 * time: 2361.683616876602
   371     3.170379e-02     1.710683e-05
 * time: 2378.4492988586426
   372     3.170379e-02     1.710401e-05
 * time: 2380.232566833496
   373     3.170379e-02     1.710118e-05
 * time: 2381.5035429000854
   374     3.170379e-02     1.709834e-05
 * time: 2382.8606538772583
   375     3.170379e-02     1.873339e-05
 * time: 2384.002687931061
   376     3.170379e-02     1.974726e-05
 * time: 2385.0617249011993
   377     3.170379e-02     2.023356e-05
 * time: 2386.4328470230103
   378     3.170379e-02     2.023036e-05
 * time: 2387.6493530273438
   379     3.170379e-02     1.974398e-05
 * time: 2389.106230020523
   380     3.170379e-02     1.974398e-05
 * time: 2407.090642929077
   381     3.170379e-02     1.974398e-05
 * time: 2422.6523418426514
   382     3.170379e-02     1.974398e-05
 * time: 2439.458827972412
   383     3.170379e-02     1.974806e-05
 * time: 2462.0090119838715
   384     3.170379e-02     1.975213e-05
 * time: 2482.131668806076
   385     3.170379e-02     1.975213e-05
 * time: 2500.717222929001
   386     3.170379e-02     1.873852e-05
 * time: 2502.3259329795837
   387     3.170379e-02     1.710585e-05
 * time: 2503.6021308898926
   388     3.170379e-02     1.710585e-05
 * time: 2520.322945833206
   389     3.170379e-02     1.710585e-05
 * time: 2538.5677609443665
   390     3.170379e-02     1.710585e-05
 * time: 2557.0733528137207
   391     3.170379e-02     1.710585e-05
 * time: 2579.187250852585
   392     3.170379e-02     1.710585e-05
 * time: 2600.2692358493805
   393     3.170379e-02     1.710585e-05
 * time: 2620.8143169879913
   394     3.170379e-02     1.710585e-05
 * time: 2639.4807739257812
   395     3.170379e-02     1.710585e-05
 * time: 2658.0870559215546
   396     3.170379e-02     1.710585e-05
 * time: 2679.647759914398
   397     3.170379e-02     1.710585e-05
 * time: 2699.367825984955
   398     3.170379e-02     1.464857e-05
 * time: 2700.5461649894714
   399     3.170379e-02     1.081869e-05
 * time: 2701.797528028488
   400     3.170379e-02     1.081869e-05
 * time: 2719.756604909897
   401     3.170379e-02     1.081869e-05
 * time: 2740.0192890167236
   402     3.170379e-02     1.081869e-05
 * time: 2761.138785839081
   403     3.170379e-02     1.081869e-05
 * time: 2782.9848458766937
   404     3.170379e-02     1.081869e-05
 * time: 2804.333071947098
   405     3.170379e-02     1.081869e-05
 * time: 2823.2181479930878
   406     3.170379e-02     1.081869e-05
 * time: 2841.9551589488983
   407     3.170379e-02     1.081869e-05
 * time: 2862.3607499599457
   408     3.170379e-02     1.081869e-05
 * time: 2879.6218860149384
   409     3.170379e-02     0.000000e+00
 * time: 2900.149050951004
Iter     Function value    √(Σ(yᵢ-ȳ)²)/n 
------   --------------    --------------
     0     1.347705e+03     2.064315e+03
 * time: 5.793571472167969e-5
     1     1.347705e+03     1.541273e+03
 * time: 0.5929958820343018
     2     1.347705e+03     9.920813e+02
 * time: 1.1815578937530518
     3     1.347705e+03     8.679253e+02
 * time: 1.4716179370880127
     4     1.347705e+03     7.777861e+02
 * time: 1.7690298557281494
     5     1.347705e+03     6.465583e+02
 * time: 2.0926589965820312
     6     1.347705e+03     5.965032e+02
 * time: 2.894787073135376
     7     1.347705e+03     5.907524e+02
 * time: 3.6437618732452393
     8     8.557641e+02     5.719179e+02
 * time: 4.362333059310913
     9     7.751603e+02     4.480603e+02
 * time: 4.964060068130493
    10     7.751603e+02     3.605761e+02
 * time: 5.566009998321533
    11     7.751603e+02     3.017680e+02
 * time: 6.16068696975708
    12     7.751603e+02     2.861435e+02
 * time: 6.454603910446167
    13     7.751603e+02     2.940776e+02
 * time: 7.0533459186553955
    14     7.751603e+02     2.879017e+02
 * time: 7.661669015884399
    15     7.751603e+02     2.900765e+02
 * time: 8.248224020004272
    16     6.685099e+02     2.608482e+02
 * time: 8.988250970840454
    17     6.685099e+02     2.280329e+02
 * time: 9.287981033325195
    18     6.685099e+02     1.934988e+02
 * time: 9.880658864974976
    19     6.685099e+02     1.505247e+02
 * time: 10.477212905883789
    20     6.685099e+02     1.013498e+02
 * time: 11.077363014221191
    21     6.685099e+02     8.649772e+01
 * time: 11.666120052337646
    22     6.685099e+02     8.070844e+01
 * time: 12.259644031524658
    23     6.685099e+02     7.468238e+01
 * time: 12.864129066467285
    24     6.685099e+02     8.596357e+01
 * time: 13.461633920669556
    25     5.732157e+02     8.362164e+01
 * time: 14.055667877197266
    26     5.732157e+02     8.186451e+01
 * time: 14.640290975570679
    27     5.670689e+02     6.756815e+01
 * time: 15.227158069610596
    28     5.670689e+02     5.778187e+01
 * time: 15.827131986618042
    29     5.670689e+02     6.533058e+01
 * time: 16.4238018989563
    30     5.080906e+02     6.013505e+01
 * time: 16.725944995880127
    31     5.080906e+02     6.187255e+01
 * time: 17.432159900665283
    32     5.080906e+02     5.863499e+01
 * time: 17.7255539894104
    33     5.080906e+02     5.782044e+01
 * time: 18.31057095527649
    34     5.080906e+02     5.535203e+01
 * time: 18.908156871795654
    35     5.080906e+02     5.042683e+01
 * time: 19.497748851776123
    36     4.948817e+02     4.357156e+01
 * time: 20.09288001060486
    37     4.948817e+02     3.728229e+01
 * time: 20.69205904006958
    38     4.948817e+02     2.989148e+01
 * time: 21.276949882507324
    39     4.739318e+02     2.471702e+01
 * time: 21.574477910995483
    40     4.739318e+02     2.789263e+01
 * time: 22.16615605354309
    41     4.419901e+02     2.539728e+01
 * time: 22.75375986099243
    42     4.419901e+02     2.699822e+01
 * time: 23.34829092025757
    43     4.419901e+02     3.012215e+01
 * time: 23.93320107460022
    44     4.288198e+02     3.116024e+01
 * time: 24.529924869537354
    45     4.288198e+02     2.873144e+01
 * time: 25.112657070159912
    46     4.288198e+02     2.577034e+01
 * time: 25.72838306427002
    47     4.288198e+02     2.283800e+01
 * time: 26.019202947616577
    48     4.288198e+02     2.157855e+01
 * time: 26.60514187812805
    49     4.165863e+02     1.958379e+01
 * time: 27.18981385231018
    50     4.165863e+02     1.800053e+01
 * time: 27.788123846054077
    51     4.085529e+02     1.648236e+01
 * time: 28.37895894050598
    52     3.942167e+02     1.714370e+01
 * time: 28.673994064331055
    53     3.942167e+02     3.024523e+01
 * time: 29.265995025634766
    54     3.323986e+02     3.514807e+01
 * time: 29.55327296257019
    55     3.323986e+02     3.339785e+01
 * time: 29.84146499633789
    56     3.323986e+02     3.133302e+01
 * time: 30.434537887573242
    57     3.323986e+02     2.848519e+01
 * time: 30.724611043930054
    58     3.323986e+02     2.660645e+01
 * time: 31.019749879837036
    59     3.323986e+02     3.006439e+01
 * time: 31.603569984436035
    60     3.080126e+02     2.673092e+01
 * time: 32.19668507575989
    61     3.080126e+02     2.590231e+01
 * time: 32.49254488945007
    62     3.080126e+02     2.632219e+01
 * time: 32.787731885910034
    63     3.080126e+02     2.328214e+01
 * time: 33.37065005302429
    64     3.080126e+02     2.092041e+01
 * time: 33.680047035217285
    65     3.080126e+02     1.924043e+01
 * time: 33.97686696052551
    66     3.080126e+02     1.886243e+01
 * time: 34.55608105659485
    67     2.964386e+02     1.602189e+01
 * time: 34.84174084663391
    68     2.964386e+02     1.412717e+01
 * time: 35.43919587135315
    69     2.964386e+02     1.293301e+01
 * time: 36.0270779132843
    70     2.964386e+02     1.229394e+01
 * time: 36.61837887763977
    71     2.964386e+02     1.516177e+01
 * time: 37.200170040130615
    72     2.766543e+02     1.630571e+01
 * time: 37.78221607208252
    73     2.765932e+02     1.539976e+01
 * time: 38.06875801086426
    74     2.765932e+02     1.633684e+01
 * time: 38.366652965545654
    75     2.765932e+02     1.541737e+01
 * time: 38.674108028411865
    76     2.765932e+02     1.421143e+01
 * time: 38.977540016174316
    77     2.765932e+02     1.317911e+01
 * time: 39.2745840549469
    78     2.765932e+02     1.307125e+01
 * time: 39.866894006729126
    79     2.707216e+02     1.215015e+01
 * time: 40.16397285461426
    80     2.707216e+02     9.851737e+00
 * time: 40.45655798912048
    81     2.707216e+02     8.131600e+00
 * time: 41.046536922454834
    82     2.707216e+02     1.274125e+01
 * time: 41.66165494918823
    83     2.428796e+02     1.159100e+01
 * time: 41.95637488365173
    84     2.428796e+02     1.498607e+01
 * time: 42.553343057632446
    85     2.380131e+02     1.392657e+01
 * time: 43.13754487037659
    86     2.380131e+02     1.402149e+01
 * time: 43.730767011642456
    87     2.380131e+02     1.558595e+01
 * time: 44.315332889556885
    88     2.362299e+02     1.563976e+01
 * time: 44.603209018707275
    89     2.362299e+02     1.614077e+01
 * time: 45.19234585762024
    90     2.298418e+02     1.550030e+01
 * time: 45.79083704948425
    91     2.294471e+02     1.273652e+01
 * time: 46.384876012802124
    92     2.294471e+02     9.544774e+00
 * time: 46.675755977630615
    93     2.294471e+02     7.422945e+00
 * time: 46.972342014312744
    94     2.294471e+02     6.456869e+00
 * time: 47.25921607017517
    95     2.294471e+02     6.222312e+00
 * time: 47.848819971084595
    96     2.290043e+02     5.795385e+00
 * time: 48.44275188446045
    97     2.274168e+02     5.228942e+00
 * time: 49.02889704704285
    98     2.274168e+02     7.487831e+00
 * time: 49.61657905578613
    99     2.121563e+02     7.121189e+00
 * time: 50.23514199256897
   100     2.121563e+02     9.485428e+00
 * time: 50.82439398765564
   101     2.049169e+02     8.798193e+00
 * time: 51.41896986961365
   102     2.049169e+02     1.064643e+01
 * time: 52.01358389854431
   103     1.991446e+02     1.124205e+01
 * time: 52.30055284500122
   104     1.991446e+02     1.081240e+01
 * time: 52.60421895980835
   105     1.991446e+02     1.011678e+01
 * time: 53.20762491226196
   106     1.991446e+02     9.725128e+00
 * time: 53.501692056655884
   107     1.991446e+02     1.105253e+01
 * time: 54.0937340259552
   108     1.929383e+02     1.062996e+01
 * time: 54.39011907577515
   109     1.929383e+02     9.842541e+00
 * time: 54.98580884933472
   110     1.929383e+02     9.211785e+00
 * time: 55.287811040878296
   111     1.929383e+02     8.766740e+00
 * time: 55.5796799659729
   112     1.929383e+02     7.181076e+00
 * time: 56.16438698768616
   113     1.929383e+02     6.785285e+00
 * time: 56.75418496131897
   114     1.906311e+02     8.151572e+00
 * time: 57.352115869522095
   115     1.803124e+02     7.338767e+00
 * time: 57.64400887489319
   116     1.803124e+02     6.860204e+00
 * time: 57.94417905807495
   117     1.803124e+02     7.763853e+00
 * time: 58.53209590911865
   118     1.792268e+02     7.752559e+00
 * time: 58.823375940322876
   119     1.792268e+02     7.092643e+00
 * time: 59.12667989730835
   120     1.792268e+02     8.628339e+00
 * time: 59.726300954818726
   121     1.694923e+02     7.673484e+00
 * time: 60.030258893966675
   122     1.694923e+02     7.121908e+00
 * time: 60.637717962265015
   123     1.694923e+02     6.564696e+00
 * time: 60.944190979003906
   124     1.694923e+02     6.423403e+00
 * time: 61.25162386894226
   125     1.694923e+02     6.801061e+00
 * time: 61.85459494590759
   126     1.679154e+02     5.762422e+00
 * time: 62.46897506713867
   127     1.679154e+02     4.947157e+00
 * time: 63.06658101081848
   128     1.679154e+02     4.572526e+00
 * time: 63.67798686027527
   129     1.679154e+02     4.063662e+00
 * time: 64.26619505882263
   130     1.679154e+02     4.209004e+00
 * time: 64.57442092895508
   131     1.679154e+02     4.720091e+00
 * time: 65.18514895439148
   132     1.639107e+02     5.092541e+00
 * time: 65.77807688713074
   133     1.622871e+02     4.655920e+00
 * time: 66.39588594436646
   134     1.622871e+02     4.288092e+00
 * time: 66.70601487159729
   135     1.622871e+02     4.242215e+00
 * time: 67.31066489219666
   136     1.617862e+02     3.886259e+00
 * time: 67.93039989471436
   137     1.611456e+02     3.211020e+00
 * time: 68.54385995864868
   138     1.611456e+02     3.156883e+00
 * time: 69.15337300300598
   139     1.599973e+02     3.221470e+00
 * time: 69.77318787574768
   140     1.583224e+02     3.782283e+00
 * time: 70.37961292266846
   141     1.543764e+02     3.252393e+00
 * time: 70.68726801872253
   142     1.543764e+02     3.385674e+00
 * time: 70.98841905593872
   143     1.543764e+02     2.990351e+00
 * time: 71.29638195037842
   144     1.543764e+02     2.997895e+00
 * time: 71.59134984016418
   145     1.543764e+02     2.841002e+00
 * time: 72.18917894363403
   146     1.543764e+02     2.637500e+00
 * time: 72.80418086051941
   147     1.543764e+02     3.453175e+00
 * time: 73.42530703544617
   148     1.493717e+02     3.134800e+00
 * time: 74.04003190994263
   149     1.493717e+02     2.717610e+00
 * time: 74.65272903442383
   150     1.493717e+02     3.158642e+00
 * time: 75.27963495254517
   151     1.485054e+02     2.995628e+00
 * time: 75.58131694793701
   152     1.485054e+02     2.777834e+00
 * time: 76.1941249370575
   153     1.485054e+02     2.529621e+00
 * time: 76.50259590148926
   154     1.485054e+02     2.385251e+00
 * time: 76.80576801300049
   155     1.485054e+02     3.156290e+00
 * time: 77.41996002197266
   156     1.450406e+02     3.119820e+00
 * time: 77.72576999664307
   157     1.450406e+02     2.943915e+00
 * time: 78.03477597236633
   158     1.450406e+02     2.741766e+00
 * time: 78.62920784950256
   159     1.450406e+02     2.913339e+00
 * time: 78.93184494972229
   160     1.450406e+02     2.670514e+00
 * time: 79.23633885383606
   161     1.450406e+02     2.367180e+00
 * time: 79.53999090194702
   162     1.450406e+02     2.763882e+00
 * time: 80.15046000480652
   163     1.438027e+02     2.562174e+00
 * time: 80.74866604804993
   164     1.438027e+02     2.362702e+00
 * time: 81.05569887161255
   165     1.438027e+02     2.127090e+00
 * time: 81.67339992523193
   166     1.438027e+02     1.883855e+00
 * time: 81.97516107559204
   167     1.438027e+02     1.689498e+00
 * time: 82.58665084838867
   168     1.438027e+02     2.491797e+00
 * time: 83.2103660106659
   169     1.405247e+02     2.505576e+00
 * time: 83.51434898376465
   170     1.405247e+02     2.350915e+00
 * time: 83.8106758594513
   171     1.405247e+02     2.181942e+00
 * time: 84.41912603378296
   172     1.405247e+02     2.050992e+00
 * time: 84.72010684013367
   173     1.405247e+02     1.887403e+00
 * time: 85.02105402946472
   174     1.405247e+02     1.747702e+00
 * time: 85.32113695144653
   175     1.405247e+02     1.590093e+00
 * time: 85.62771987915039
   176     1.405247e+02     1.387958e+00
 * time: 86.2407488822937
   177     1.405247e+02     2.186683e+00
 * time: 86.84571290016174
   178     1.377844e+02     2.572726e+00
 * time: 87.1560308933258
   179     1.377844e+02     2.452067e+00
 * time: 87.45675897598267
   180     1.377844e+02     2.342363e+00
 * time: 88.06322503089905
   181     1.377844e+02     2.225990e+00
 * time: 88.36956787109375
   182     1.377844e+02     2.103400e+00
 * time: 88.66582989692688
   183     1.377844e+02     2.299354e+00
 * time: 89.26606106758118
   184     1.375692e+02     2.134820e+00
 * time: 89.57215690612793
   185     1.375692e+02     2.007556e+00
 * time: 89.86895084381104
   186     1.375692e+02     1.770040e+00
 * time: 90.15571093559265
   187     1.375692e+02     1.627998e+00
 * time: 90.45618104934692
   188     1.375692e+02     1.466554e+00
 * time: 90.76191806793213
   189     1.375692e+02     2.317954e+00
 * time: 91.37748694419861
   190     1.322444e+02     2.082211e+00
 * time: 91.69776201248169
   191     1.322444e+02     2.853351e+00
 * time: 92.31268405914307
   192     1.304985e+02     2.751379e+00
 * time: 92.61347103118896
   193     1.304985e+02     2.664769e+00
 * time: 92.90835189819336
   194     1.304985e+02     2.569093e+00
 * time: 93.21692299842834
   195     1.304985e+02     2.778937e+00
 * time: 93.52195000648499
   196     1.304985e+02     2.672231e+00
 * time: 93.8290810585022
   197     1.304985e+02     3.013745e+00
 * time: 94.42763900756836
   198     1.295296e+02     2.799092e+00
 * time: 94.73900389671326
   199     1.295296e+02     2.811523e+00
 * time: 95.03725099563599
   200     1.295296e+02     2.427155e+00
 * time: 95.34005999565125
   201     1.295296e+02     2.014814e+00
 * time: 95.94694590568542
   202     1.294908e+02     2.073456e+00
 * time: 96.5537760257721
   203     1.275002e+02     2.244427e+00
 * time: 97.16067290306091
   204     1.259298e+02     1.980144e+00
 * time: 97.45814204216003
   205     1.259298e+02     2.147662e+00
 * time: 97.76648998260498
   206     1.259298e+02     2.052385e+00
 * time: 98.07165384292603
   207     1.259298e+02     2.217609e+00
 * time: 98.6823308467865
   208     1.250532e+02     1.954781e+00
 * time: 98.98513293266296
   209     1.250532e+02     1.783936e+00
 * time: 99.29138898849487
   210     1.250532e+02     2.274326e+00
 * time: 99.90619206428528
   211     1.224302e+02     2.145882e+00
 * time: 100.22383284568787
   212     1.224302e+02     2.511338e+00
 * time: 100.84028792381287
   213     1.216976e+02     2.809953e+00
 * time: 101.44839286804199
   214     1.204634e+02     2.559855e+00
 * time: 101.74648690223694
   215     1.204634e+02     2.341664e+00
 * time: 102.02726292610168
   216     1.204634e+02     2.074999e+00
 * time: 102.3243420124054
   217     1.204634e+02     2.340993e+00
 * time: 102.94438600540161
   218     1.181855e+02     2.131768e+00
 * time: 103.25351691246033
   219     1.181855e+02     2.445276e+00
 * time: 103.85666489601135
   220     1.166863e+02     2.939242e+00
 * time: 104.45911884307861
   221     1.146010e+02     2.816526e+00
 * time: 104.7606909275055
   222     1.146010e+02     2.711558e+00
 * time: 105.06340789794922
   223     1.146010e+02     2.913374e+00
 * time: 105.36237287521362
   224     1.146010e+02     2.774159e+00
 * time: 105.6642198562622
   225     1.146010e+02     2.946172e+00
 * time: 106.2825379371643
   226     1.134348e+02     2.955100e+00
 * time: 106.59075403213501
   227     1.134348e+02     2.589056e+00
 * time: 106.89827585220337
   228     1.134348e+02     2.303439e+00
 * time: 107.22335195541382
   229     1.134348e+02     2.275379e+00
 * time: 107.84751296043396
   230     1.105786e+02     2.211929e+00
 * time: 108.15745902061462
   231     1.105786e+02     2.226890e+00
 * time: 108.78709101676941
   232     1.095871e+02     2.362842e+00
 * time: 109.40037798881531
   233     1.086219e+02     1.997471e+00
 * time: 110.0215859413147
   234     1.086219e+02     2.013161e+00
 * time: 110.32740592956543
   235     1.086219e+02     2.456735e+00
 * time: 110.93561005592346
   236     1.058128e+02     2.560460e+00
 * time: 111.23818898200989
   237     1.058128e+02     2.328814e+00
 * time: 111.5431900024414
   238     1.058128e+02     2.134844e+00
 * time: 111.85356998443604
   239     1.058128e+02     1.692061e+00
 * time: 112.16204905509949
   240     1.058128e+02     1.464915e+00
 * time: 112.47392392158508
   241     1.058128e+02     1.460061e+00
 * time: 112.7851710319519
   242     1.058128e+02     1.437661e+00
 * time: 113.09676790237427
   243     1.058128e+02     1.291631e+00
 * time: 113.70454406738281
   244     1.058128e+02     1.254335e+00
 * time: 114.01084899902344
   245     1.058128e+02     1.766640e+00
 * time: 114.62987804412842
   246     1.024399e+02     1.543565e+00
 * time: 114.91959190368652
   247     1.024399e+02     1.390134e+00
 * time: 115.22668790817261
   248     1.024399e+02     1.290362e+00
 * time: 115.8310649394989
   249     1.024399e+02     1.307040e+00
 * time: 116.1330189704895
   250     1.024399e+02     1.233622e+00
 * time: 116.73042702674866
   251     1.024399e+02     1.238986e+00
 * time: 117.04478001594543
   252     1.024399e+02     1.109725e+00
 * time: 117.3546130657196
   253     1.024399e+02     1.024057e+00
 * time: 117.65964484214783
   254     1.024399e+02     1.068176e+00
 * time: 117.9690420627594
   255     1.024399e+02     1.390710e+00
 * time: 118.57705593109131
   256     1.010452e+02     1.381935e+00
 * time: 118.88158202171326
   257     1.010452e+02     1.488180e+00
 * time: 119.48094606399536
   258     1.009902e+02     1.341467e+00
 * time: 120.08653497695923
   259     1.009902e+02     1.192779e+00
 * time: 120.38968300819397
   260     1.009902e+02     1.214520e+00
 * time: 120.9938428401947
   261     1.008695e+02     1.058002e+00
 * time: 121.59159088134766
   262     1.008695e+02     9.306620e-01
 * time: 122.18544292449951
   263     1.008695e+02     8.346996e-01
 * time: 122.4752950668335
   264     1.008695e+02     7.568058e-01
 * time: 122.7792580127716
   265     1.008695e+02     6.978804e-01
 * time: 123.09020495414734
   266     1.008695e+02     6.885259e-01
 * time: 123.68758702278137
   267     1.007116e+02     5.965572e-01
 * time: 124.29606699943542
   268     1.007116e+02     5.195370e-01
 * time: 124.60595297813416
   269     1.007116e+02     6.905748e-01
 * time: 125.22600984573364
   270     9.949030e+01     6.495289e-01
 * time: 125.53232502937317
   271     9.949030e+01     5.873194e-01
 * time: 126.13628005981445
   272     9.949030e+01     5.367065e-01
 * time: 126.75051999092102
   273     9.949030e+01     5.180650e-01
 * time: 127.05035090446472
   274     9.949030e+01     4.811283e-01
 * time: 127.35675191879272
   275     9.949030e+01     4.393890e-01
 * time: 127.95759391784668
   276     9.949030e+01     5.256199e-01
 * time: 128.56605195999146
   277     9.930972e+01     4.931350e-01
 * time: 129.17877006530762
   278     9.930972e+01     4.432487e-01
 * time: 129.7873649597168
   279     9.930972e+01     4.016503e-01
 * time: 130.0942690372467
   280     9.930972e+01     3.573565e-01
 * time: 130.6930148601532
   281     9.930972e+01     5.665186e-01
 * time: 131.30534887313843
   282     9.840862e+01     6.052257e-01
 * time: 131.61173605918884
   283     9.840862e+01     6.558658e-01
 * time: 131.92276000976562
   284     9.840862e+01     6.329683e-01
 * time: 132.22086596488953
   285     9.840862e+01     5.821007e-01
 * time: 132.52163696289062
   286     9.840862e+01     5.575158e-01
 * time: 132.82886600494385
   287     9.840862e+01     5.195850e-01
 * time: 133.13402199745178
   288     9.840862e+01     6.400158e-01
 * time: 133.76110792160034
   289     9.761463e+01     6.001984e-01
 * time: 134.15858387947083
   290     9.761463e+01     5.196602e-01
 * time: 134.7799699306488
   291     9.761463e+01     4.892045e-01
 * time: 135.0921790599823
   292     9.761463e+01     4.602699e-01
 * time: 135.39742994308472
   293     9.761463e+01     3.894959e-01
 * time: 135.69830203056335
   294     9.761463e+01     4.479222e-01
 * time: 136.31291794776917
   295     9.731813e+01     4.100359e-01
 * time: 136.61054491996765
   296     9.731813e+01     3.814218e-01
 * time: 136.91658806800842
   297     9.731813e+01     5.505010e-01
 * time: 137.51955485343933
   298     9.644260e+01     5.531854e-01
 * time: 137.81549787521362
   299     9.644260e+01     5.044453e-01
 * time: 138.1132528781891
   300     9.644260e+01     4.408434e-01
 * time: 138.718416929245
   301     9.644260e+01     4.130179e-01
 * time: 139.33851194381714
   302     9.644260e+01     4.065587e-01
 * time: 139.64687085151672
   303     9.644260e+01     3.842807e-01
 * time: 139.95376801490784
   304     9.644260e+01     3.609182e-01
 * time: 140.55462789535522
   305     9.644260e+01     3.311355e-01
 * time: 140.85137295722961
   306     9.644260e+01     4.226774e-01
 * time: 141.46774196624756
   307     9.623022e+01     4.533521e-01
 * time: 141.77308297157288
   308     9.623022e+01     4.223181e-01
 * time: 142.43004298210144
   309     9.623022e+01     4.981976e-01
 * time: 143.04952096939087
   310     9.581564e+01     4.659251e-01
 * time: 143.35950803756714
   311     9.581564e+01     6.375820e-01
 * time: 143.9642939567566
   312     9.507747e+01     6.081413e-01
 * time: 144.2622148990631
   313     9.507747e+01     5.591488e-01
 * time: 144.56668496131897
   314     9.507747e+01     5.227660e-01
 * time: 145.17203307151794
   315     9.507747e+01     4.825412e-01
 * time: 145.47770500183105
   316     9.507747e+01     4.167979e-01
 * time: 145.77808094024658
   317     9.507747e+01     3.779352e-01
 * time: 146.38467502593994
   318     9.507747e+01     3.749929e-01
 * time: 146.6929738521576
   319     9.507747e+01     3.698327e-01
 * time: 146.9999499320984
   320     9.507747e+01     5.170592e-01
 * time: 147.60737299919128
   321     9.448452e+01     4.954076e-01
 * time: 147.93449091911316
   322     9.448452e+01     5.026385e-01
 * time: 148.23896384239197
   323     9.448452e+01     5.848097e-01
 * time: 148.8393030166626
   324     9.428565e+01     5.497164e-01
 * time: 149.14216685295105
   325     9.428565e+01     5.109356e-01
 * time: 149.74841284751892
   326     9.428565e+01     4.715317e-01
 * time: 150.05339694023132
   327     9.428565e+01     4.896659e-01
 * time: 150.69655203819275
   328     9.418391e+01     4.672443e-01
 * time: 150.99807000160217
   329     9.418391e+01     4.443737e-01
 * time: 151.30700397491455
   330     9.418391e+01     3.936734e-01
 * time: 151.61405205726624
   331     9.418391e+01     3.330872e-01
 * time: 152.21698594093323
   332     9.418391e+01     4.071973e-01
 * time: 152.8282389640808
   333     9.359023e+01     5.987151e-01
 * time: 153.43418502807617
   334     9.284064e+01     5.560107e-01
 * time: 153.73148107528687
   335     9.284064e+01     5.168184e-01
 * time: 154.03343200683594
   336     9.284064e+01     5.002015e-01
 * time: 154.64225387573242
   337     9.284064e+01     5.309034e-01
 * time: 154.94349694252014
   338     9.284064e+01     6.146918e-01
 * time: 155.55195689201355
   339     9.279448e+01     5.795524e-01
 * time: 155.84920501708984
   340     9.279448e+01     5.453868e-01
 * time: 156.1519479751587
   341     9.279448e+01     5.250828e-01
 * time: 156.45302605628967
   342     9.279448e+01     5.246789e-01
 * time: 156.74755096435547
   343     9.279448e+01     6.292102e-01
 * time: 157.35746693611145
   344     9.211642e+01     5.710064e-01
 * time: 157.6623170375824
   345     9.211642e+01     4.774280e-01
 * time: 157.95902585983276
   346     9.211642e+01     4.150978e-01
 * time: 158.26080703735352
   347     9.211642e+01     3.997889e-01
 * time: 158.564306974411
   348     9.211642e+01     4.486733e-01
 * time: 159.21133184432983
   349     9.178349e+01     5.329922e-01
 * time: 159.8059389591217
   350     9.146530e+01     5.009744e-01
 * time: 160.41876792907715
   351     9.146530e+01     4.744344e-01
 * time: 160.72209906578064
   352     9.146530e+01     4.431723e-01
 * time: 161.02238488197327
   353     9.146530e+01     4.041929e-01
 * time: 161.32211589813232
   354     9.146530e+01     6.566639e-01
 * time: 161.93699097633362
   355     9.033014e+01     8.042433e-01
 * time: 162.55127596855164
   356     9.011878e+01     7.855662e-01
 * time: 162.84678506851196
   357     9.011878e+01     7.953009e-01
 * time: 163.15331506729126
   358     9.011878e+01     7.462518e-01
 * time: 163.45848202705383
   359     9.011878e+01     7.061331e-01
 * time: 163.76186800003052
   360     9.011878e+01     6.909858e-01
 * time: 164.06948685646057
   361     9.011878e+01     7.489467e-01
 * time: 164.68115997314453
   362     8.976404e+01     6.977813e-01
 * time: 164.98056888580322
   363     8.976404e+01     6.844425e-01
 * time: 165.5896918773651
   364     8.973962e+01     5.795665e-01
 * time: 165.89008903503418
   365     8.973962e+01     5.959411e-01
 * time: 166.49598693847656
   366     8.927138e+01     5.048901e-01
 * time: 166.7995789051056
   367     8.927138e+01     4.452688e-01
 * time: 167.3997838497162
   368     8.927138e+01     4.311896e-01
 * time: 168.0320179462433
   369     8.921002e+01     4.310810e-01
 * time: 168.639554977417
   370     8.903808e+01     6.384086e-01
 * time: 169.2429678440094
   371     8.794815e+01     5.914708e-01
 * time: 169.8522219657898
   372     8.794815e+01     6.164246e-01
 * time: 170.16157984733582
   373     8.794815e+01     6.047576e-01
 * time: 170.46812796592712
   374     8.794815e+01     6.227635e-01
 * time: 170.7639708518982
   375     8.794815e+01     6.063924e-01
 * time: 171.36060786247253
   376     8.794565e+01     5.444029e-01
 * time: 171.66117405891418
   377     8.794565e+01     5.608440e-01
 * time: 172.26598501205444
   378     8.753457e+01     5.521321e-01
 * time: 172.86883807182312
   379     8.742723e+01     4.923489e-01
 * time: 173.46968698501587
   380     8.742204e+01     4.783620e-01
 * time: 174.07080507278442
   381     8.691798e+01     4.198191e-01
 * time: 174.37711596488953
   382     8.691798e+01     5.206174e-01
 * time: 174.98303198814392
   383     8.650375e+01     4.978935e-01
 * time: 175.28950595855713
   384     8.650375e+01     4.835091e-01
 * time: 175.58971500396729
   385     8.650375e+01     6.277972e-01
 * time: 176.21024799346924
   386     8.576398e+01     6.373558e-01
 * time: 176.51677298545837
   387     8.576398e+01     5.780389e-01
 * time: 176.82677102088928
   388     8.576398e+01     5.671537e-01
 * time: 177.12470197677612
   389     8.576398e+01     5.518356e-01
 * time: 177.7251169681549
   390     8.571285e+01     4.858237e-01
 * time: 178.3298180103302
   391     8.565876e+01     5.101917e-01
 * time: 178.9355719089508
   392     8.528611e+01     4.767481e-01
 * time: 179.23674392700195
   393     8.528611e+01     4.092726e-01
 * time: 179.84834003448486
   394     8.519888e+01     5.976317e-01
 * time: 180.4516680240631
   395     8.402558e+01     5.694922e-01
 * time: 180.75756907463074
   396     8.402558e+01     5.298284e-01
 * time: 181.06592202186584
   397     8.402558e+01     5.589227e-01
 * time: 181.36745691299438
   398     8.402558e+01     6.033791e-01
 * time: 181.96517395973206
   399     8.400236e+01     6.483116e-01
 * time: 182.571604013443
   400     8.369032e+01     5.881383e-01
 * time: 182.87887287139893
   401     8.369032e+01     5.495965e-01
 * time: 183.1780400276184
   402     8.369032e+01     6.655960e-01
 * time: 183.77807188034058
   403     8.282075e+01     6.025776e-01
 * time: 184.0758080482483
   404     8.282075e+01     4.921281e-01
 * time: 184.70780491828918
   405     8.282075e+01     4.246593e-01
 * time: 185.01068496704102
   406     8.282075e+01     5.609906e-01
 * time: 185.61696887016296
   407     8.239271e+01     5.278412e-01
 * time: 186.21347498893738
   408     8.239271e+01     5.363139e-01
 * time: 186.5092968940735
   409     8.239271e+01     6.503970e-01
 * time: 187.1137499809265
   410     8.193184e+01     6.710157e-01
 * time: 187.41790103912354
   411     8.193184e+01     5.924269e-01
 * time: 187.72102403640747
   412     8.193184e+01     6.515536e-01
 * time: 188.32255697250366
   413     8.156288e+01     5.894599e-01
 * time: 188.62668895721436
   414     8.156288e+01     7.416426e-01
 * time: 189.22797894477844
   415     8.066070e+01     6.556500e-01
 * time: 189.8346869945526
   416     8.066070e+01     6.385664e-01
 * time: 190.13661694526672
   417     8.066070e+01     6.377486e-01
 * time: 190.45499205589294
   418     8.066070e+01     7.858642e-01
 * time: 191.05679607391357
   419     7.987320e+01     8.567836e-01
 * time: 191.36027002334595
   420     7.987320e+01     7.910674e-01
 * time: 191.66539907455444
   421     7.987320e+01     7.426625e-01
 * time: 191.96546292304993
   422     7.987320e+01     6.918243e-01
 * time: 192.2645878791809
   423     7.987320e+01     6.758034e-01
 * time: 192.5820770263672
   424     7.987320e+01     5.929140e-01
 * time: 192.88380694389343
   425     7.987320e+01     5.946811e-01
 * time: 193.50185084342957
   426     7.978854e+01     5.043425e-01
 * time: 193.80062103271484
   427     7.978854e+01     6.434468e-01
 * time: 194.40072989463806
   428     7.876956e+01     5.934266e-01
 * time: 194.6868360042572
   429     7.876956e+01     5.848408e-01
 * time: 194.96879887580872
   430     7.876956e+01     6.319378e-01
 * time: 195.2589509487152
   431     7.876956e+01     5.824768e-01
 * time: 195.83110690116882
   432     7.876956e+01     5.470588e-01
 * time: 196.11631798744202
   433     7.876956e+01     6.407196e-01
 * time: 196.69091296195984
   434     7.808979e+01     6.089021e-01
 * time: 196.97719192504883
   435     7.808979e+01     5.746516e-01
 * time: 197.26393389701843
   436     7.808979e+01     6.398376e-01
 * time: 197.55033707618713
   437     7.808979e+01     7.858230e-01
 * time: 198.12280988693237
   438     7.738407e+01     7.290620e-01
 * time: 198.40522289276123
   439     7.738407e+01     8.594248e-01
 * time: 198.96148085594177
   440     7.686432e+01     7.703368e-01
 * time: 199.24188804626465
   441     7.686432e+01     7.249828e-01
 * time: 199.52972292900085
   442     7.686432e+01     7.860670e-01
 * time: 200.0992569923401
   443     7.656738e+01     7.618334e-01
 * time: 200.3907070159912
   444     7.656738e+01     6.620426e-01
 * time: 200.69555497169495
   445     7.656738e+01     6.428289e-01
 * time: 201.2872998714447
   446     7.621265e+01     7.913588e-01
 * time: 201.88723587989807
   447     7.544649e+01     7.317359e-01
 * time: 202.19662594795227
   448     7.544649e+01     7.077337e-01
 * time: 202.50661301612854
   449     7.544649e+01     6.892447e-01
 * time: 202.81365585327148
   450     7.544649e+01     5.994076e-01
 * time: 203.12268805503845
   451     7.544649e+01     6.905667e-01
 * time: 203.74677801132202
   452     7.453879e+01     7.526720e-01
 * time: 204.0501458644867
   453     7.453879e+01     6.891504e-01
 * time: 204.35598993301392
   454     7.453879e+01     7.456472e-01
 * time: 204.97154593467712
   455     7.410661e+01     7.045053e-01
 * time: 205.28418588638306
   456     7.410661e+01     6.351341e-01
 * time: 205.59198689460754
   457     7.410661e+01     5.277147e-01
 * time: 206.19004893302917
   458     7.410661e+01     4.825796e-01
 * time: 206.80335783958435
   459     7.410661e+01     4.887282e-01
 * time: 207.3919599056244
   460     7.404834e+01     5.250367e-01
 * time: 207.99315094947815
   461     7.366679e+01     7.828013e-01
 * time: 208.5966489315033
   462     7.236111e+01     7.313857e-01
 * time: 209.21724700927734
   463     7.236111e+01     6.675649e-01
 * time: 209.82589387893677
   464     7.236111e+01     6.617353e-01
 * time: 210.13229393959045
   465     7.236111e+01     6.309207e-01
 * time: 210.71897387504578
   466     7.236111e+01     5.983808e-01
 * time: 211.01558685302734
   467     7.236111e+01     7.756482e-01
 * time: 211.61397790908813
   468     7.200797e+01     7.610713e-01
 * time: 211.9256649017334
   469     7.200797e+01     7.205513e-01
 * time: 212.22950387001038
   470     7.200797e+01     6.952150e-01
 * time: 212.5191569328308
   471     7.200797e+01     6.475473e-01
 * time: 213.12102389335632
   472     7.200797e+01     6.850324e-01
 * time: 213.72115993499756
   473     7.195819e+01     7.247302e-01
 * time: 214.32316088676453
   474     7.154485e+01     8.275252e-01
 * time: 214.9280710220337
   475     7.100893e+01     7.765244e-01
 * time: 215.2341649532318
   476     7.100893e+01     6.742281e-01
 * time: 215.53949904441833
   477     7.100893e+01     7.209570e-01
 * time: 216.14763188362122
   478     7.043251e+01     6.437836e-01
 * time: 216.45572590827942
   479     7.043251e+01     6.970655e-01
 * time: 217.05498385429382
   480     7.016177e+01     6.987723e-01
 * time: 217.37066197395325
   481     7.016177e+01     6.539887e-01
 * time: 217.66668486595154
   482     7.016177e+01     6.767816e-01
 * time: 218.26115894317627
   483     7.014154e+01     6.837726e-01
 * time: 218.85887098312378
   484     6.991643e+01     6.089972e-01
 * time: 219.15314888954163
   485     6.991643e+01     6.590243e-01
 * time: 219.75035285949707
   486     6.927670e+01     6.886862e-01
 * time: 220.34649300575256
   487     6.908707e+01     5.966099e-01
 * time: 220.63777899742126
   488     6.908707e+01     6.738775e-01
 * time: 221.23971796035767
   489     6.856994e+01     5.810899e-01
 * time: 221.83305501937866
   490     6.856994e+01     5.325570e-01
 * time: 222.13564896583557
   491     6.856994e+01     6.521955e-01
 * time: 222.72646689414978
   492     6.804100e+01     6.810340e-01
 * time: 223.02706098556519
   493     6.804100e+01     6.885093e-01
 * time: 223.3299150466919
   494     6.804100e+01     7.874602e-01
 * time: 223.92711901664734
   495     6.729515e+01     7.191762e-01
 * time: 224.23112106323242
   496     6.729515e+01     8.256269e-01
 * time: 224.83017706871033
   497     6.670764e+01     7.248372e-01
 * time: 225.13543105125427
   498     6.670764e+01     6.954157e-01
 * time: 225.43553185462952
   499     6.670764e+01     7.619667e-01
 * time: 226.04243397712708
   500     6.626938e+01     7.222305e-01
 * time: 226.33934497833252
   501     6.626938e+01     6.633216e-01
 * time: 226.92930603027344
   502     6.626938e+01     5.967933e-01
 * time: 227.2270588874817
   503     6.626938e+01     5.283466e-01
 * time: 227.51952385902405
   504     6.626938e+01     7.099856e-01
 * time: 228.10958290100098
   505     6.547027e+01     9.758226e-01
 * time: 228.7169599533081
   506     6.447871e+01     9.376543e-01
 * time: 229.01622200012207
   507     6.447871e+01     9.109392e-01
 * time: 229.31485104560852
   508     6.447871e+01     8.928698e-01
 * time: 229.60752201080322
   509     6.447871e+01     8.478448e-01
 * time: 229.89108395576477
   510     6.447871e+01     8.189602e-01
 * time: 230.1938099861145
   511     6.447871e+01     8.156552e-01
 * time: 230.49137902259827
   512     6.447871e+01     7.532029e-01
 * time: 231.11228489875793
   513     6.447871e+01     7.703938e-01
 * time: 231.4116199016571
   514     6.447871e+01     7.037325e-01
 * time: 231.7100338935852
   515     6.447871e+01     8.176929e-01
 * time: 232.29728984832764
   516     6.377817e+01     7.274311e-01
 * time: 232.8928680419922
   517     6.377817e+01     7.081413e-01
 * time: 233.19249892234802
   518     6.377817e+01     7.288457e-01
 * time: 233.7805690765381
   519     6.354593e+01     7.524709e-01
 * time: 234.3736069202423
   520     6.348547e+01     7.992944e-01
 * time: 234.97613286972046
   521     6.313111e+01     7.205869e-01
 * time: 235.27152800559998
   522     6.313111e+01     6.667958e-01
 * time: 235.5809268951416
   523     6.313111e+01     5.962709e-01
 * time: 236.17141604423523
   524     6.292791e+01     5.698588e-01
 * time: 236.77032089233398
   525     6.285774e+01     8.633970e-01
 * time: 237.3679039478302
   526     6.115482e+01     8.180701e-01
 * time: 237.6587369441986
   527     6.115482e+01     7.938736e-01
 * time: 237.95086789131165
   528     6.115482e+01     7.204287e-01
 * time: 238.55063486099243
   529     6.115482e+01     7.296177e-01
 * time: 238.84370589256287
   530     6.115482e+01     7.601560e-01
 * time: 239.14838004112244
   531     6.115482e+01     8.482765e-01
 * time: 239.74064207077026
   532     6.088889e+01     8.159900e-01
 * time: 240.04387092590332
   533     6.088889e+01     7.530656e-01
 * time: 240.3424210548401
   534     6.088889e+01     7.714359e-01
 * time: 240.928701877594
   535     6.069028e+01     6.879873e-01
 * time: 241.52012586593628
   536     6.069028e+01     7.173974e-01
 * time: 242.12797498703003
   537     6.023462e+01     6.218872e-01
 * time: 242.71587896347046
   538     6.023462e+01     5.929166e-01
 * time: 243.01184105873108
   539     6.023462e+01     6.957425e-01
 * time: 243.6035029888153
   540     5.963890e+01     6.256637e-01
 * time: 243.88627886772156
   541     5.963890e+01     6.489017e-01
 * time: 244.48856806755066
   542     5.962033e+01     6.959049e-01
 * time: 245.08425307273865
   543     5.922983e+01     5.988547e-01
 * time: 245.3809540271759
   544     5.922983e+01     8.119818e-01
 * time: 245.97310996055603
   545     5.816833e+01     8.283395e-01
 * time: 246.27491784095764
   546     5.816833e+01     7.596793e-01
 * time: 246.57232904434204
   547     5.816833e+01     7.375409e-01
 * time: 246.8653118610382
   548     5.816833e+01     6.643065e-01
 * time: 247.15094590187073
   549     5.816833e+01     5.728768e-01
 * time: 247.7528259754181
   550     5.816833e+01     4.787956e-01
 * time: 248.03912687301636
   551     5.816833e+01     6.849276e-01
 * time: 248.62485194206238
   552     5.726148e+01     8.257472e-01
 * time: 249.21636390686035
   553     5.698129e+01     7.843859e-01
 * time: 249.50451588630676
   554     5.698129e+01     7.010983e-01
 * time: 249.79793500900269
   555     5.698129e+01     8.513624e-01
 * time: 250.412428855896
   556     5.618884e+01     7.945552e-01
 * time: 250.7093539237976
   557     5.618884e+01     7.605537e-01
 * time: 251.02076292037964
   558     5.618884e+01     6.763817e-01
 * time: 251.6231038570404
   559     5.618884e+01     6.582807e-01
 * time: 251.92518997192383
   560     5.618884e+01     6.340860e-01
 * time: 252.22414994239807
   561     5.618884e+01     6.223661e-01
 * time: 252.51969695091248
   562     5.618884e+01     5.713225e-01
 * time: 252.81898593902588
   563     5.618884e+01     4.951941e-01
 * time: 253.12746500968933
   564     5.618884e+01     4.791341e-01
 * time: 253.73660707473755
   565     5.590685e+01     4.160685e-01
 * time: 254.03593587875366
   566     5.590685e+01     5.700728e-01
 * time: 254.64617705345154
   567     5.515499e+01     5.567169e-01
 * time: 254.95003604888916
   568     5.515499e+01     7.256715e-01
 * time: 255.55455493927002
   569     5.473166e+01     6.811214e-01
 * time: 256.15052604675293
   570     5.473166e+01     6.481080e-01
 * time: 256.454274892807
   571     5.473166e+01     6.027538e-01
 * time: 257.0557909011841
   572     5.473166e+01     6.273078e-01
 * time: 257.3583400249481
   573     5.473166e+01     6.053677e-01
 * time: 257.65822196006775
   574     5.473166e+01     5.713202e-01
 * time: 257.95690393447876
   575     5.473166e+01     5.427702e-01
 * time: 258.2609980106354
   576     5.473166e+01     5.215529e-01
 * time: 258.5857820510864
   577     5.473166e+01     6.814671e-01
 * time: 259.1847538948059
   578     5.385879e+01     7.200396e-01
 * time: 259.49058389663696
   579     5.385879e+01     6.803409e-01
 * time: 259.7940728664398
   580     5.385879e+01     7.898655e-01
 * time: 260.39856696128845
   581     5.333847e+01     7.222980e-01
 * time: 260.70003485679626
   582     5.333847e+01     6.651652e-01
 * time: 261.0029048919678
   583     5.333847e+01     6.063624e-01
 * time: 261.5969150066376
   584     5.333847e+01     5.652106e-01
 * time: 262.18429589271545
   585     5.333847e+01     5.209297e-01
 * time: 262.4844739437103
   586     5.333847e+01     4.824833e-01
 * time: 262.7811529636383
   587     5.333847e+01     5.205441e-01
 * time: 263.0743799209595
   588     5.333847e+01     4.972264e-01
 * time: 263.37655997276306
   589     5.333847e+01     4.400668e-01
 * time: 263.96749806404114
   590     5.333847e+01     5.679100e-01
 * time: 264.5774550437927
   591     5.243366e+01     5.047115e-01
 * time: 265.17598390579224
   592     5.243366e+01     4.609997e-01
 * time: 265.76616191864014
   593     5.243366e+01     4.630765e-01
 * time: 266.07215785980225
   594     5.243366e+01     4.303670e-01
 * time: 266.36908888816833
   595     5.243366e+01     4.385359e-01
 * time: 266.66347002983093
   596     5.243366e+01     5.153371e-01
 * time: 267.2872278690338
   597     5.214516e+01     4.931880e-01
 * time: 267.59001207351685
   598     5.214516e+01     4.466932e-01
 * time: 267.8941159248352
   599     5.214516e+01     3.930667e-01
 * time: 268.1955530643463
   600     5.214516e+01     4.437909e-01
 * time: 268.7862138748169
   601     5.197906e+01     4.450078e-01
 * time: 269.0754179954529
   602     5.197906e+01     3.757877e-01
 * time: 269.37642097473145
   603     5.197906e+01     3.168878e-01
 * time: 269.9746849536896
   604     5.197906e+01     3.712839e-01
 * time: 270.5745038986206
   605     5.157707e+01     3.379934e-01
 * time: 270.8666079044342
   606     5.157707e+01     3.165459e-01
 * time: 271.1589698791504
   607     5.157707e+01     3.059439e-01
 * time: 271.46642684936523
   608     5.157707e+01     2.636229e-01
 * time: 272.0549349784851
   609     5.157707e+01     3.703544e-01
 * time: 272.6487760543823
   610     5.101807e+01     3.358734e-01
 * time: 272.97462701797485
   611     5.101807e+01     2.984101e-01
 * time: 273.5641670227051
   612     5.101807e+01     2.746163e-01
 * time: 273.8654639720917
   613     5.101807e+01     2.655281e-01
 * time: 274.15800189971924
   614     5.101807e+01     3.454548e-01
 * time: 274.74506306648254
   615     5.093993e+01     3.354712e-01
 * time: 275.3391819000244
   616     5.093993e+01     3.199163e-01
 * time: 275.93675899505615
   617     5.093993e+01     3.024091e-01
 * time: 276.22799587249756
   618     5.093993e+01     2.790529e-01
 * time: 276.5257890224457
   619     5.093993e+01     2.593195e-01
 * time: 276.8226718902588
   620     5.093993e+01     2.436272e-01
 * time: 277.1188349723816
   621     5.093993e+01     2.228323e-01
 * time: 277.41104793548584
   622     5.093993e+01     2.106581e-01
 * time: 278.00292587280273
   623     5.093993e+01     2.625472e-01
 * time: 278.5789589881897
   624     5.076678e+01     2.965159e-01
 * time: 279.16840291023254
   625     5.069622e+01     2.968244e-01
 * time: 279.4719669818878
   626     5.069622e+01     2.751712e-01
 * time: 280.06361293792725
   627     5.069622e+01     2.617393e-01
 * time: 280.3583390712738
   628     5.069622e+01     2.296774e-01
 * time: 280.9476590156555
   629     5.069622e+01     2.085017e-01
 * time: 281.2358589172363
   630     5.069622e+01     1.748132e-01
 * time: 281.8155949115753
   631     5.069622e+01     1.421106e-01
 * time: 282.40576791763306
   632     5.069622e+01     1.333639e-01
 * time: 282.7014708518982
   633     5.069622e+01     1.199289e-01
 * time: 283.30561685562134
   634     5.069622e+01     1.060571e-01
 * time: 283.5978639125824
   635     5.069622e+01     1.522028e-01
 * time: 284.18471693992615
   636     5.042302e+01     1.437586e-01
 * time: 284.47558188438416
   637     5.042302e+01     1.324132e-01
 * time: 284.7758090496063
   638     5.042302e+01     1.699390e-01
 * time: 285.3764400482178
   639     5.032390e+01     1.573879e-01
 * time: 285.9733500480652
   640     5.032390e+01     1.636523e-01
 * time: 286.25934195518494
   641     5.032390e+01     1.547341e-01
 * time: 286.8528609275818
   642     5.032390e+01     1.443697e-01
 * time: 287.1476068496704
   643     5.032390e+01     1.345956e-01
 * time: 287.44285893440247
   644     5.032390e+01     1.231624e-01
 * time: 288.03134393692017
   645     5.032390e+01     1.139642e-01
 * time: 288.6277949810028
   646     5.032390e+01     1.200811e-01
 * time: 289.2198820114136
   647     5.030645e+01     1.449129e-01
 * time: 289.81168484687805
   648     5.013723e+01     1.516389e-01
 * time: 290.1003658771515
   649     5.013723e+01     1.366929e-01
 * time: 290.68914794921875
   650     5.013723e+01     1.469216e-01
 * time: 291.2728660106659
   651     5.011174e+01     1.517193e-01
 * time: 291.88317799568176
   652     5.008477e+01     1.427755e-01
 * time: 292.17245602607727
   653     5.008477e+01     1.320297e-01
 * time: 292.471962928772
   654     5.008477e+01     1.178276e-01
 * time: 292.7652599811554
   655     5.008477e+01     1.006479e-01
 * time: 293.055939912796
   656     5.008477e+01     9.354684e-02
 * time: 293.6499979496002
   657     5.003446e+01     1.393151e-01
 * time: 294.23189187049866
   658     4.980264e+01     1.460211e-01
 * time: 294.5265209674835
   659     4.980264e+01     1.326879e-01
 * time: 295.12334394454956
   660     4.980264e+01     1.213955e-01
 * time: 295.71137595176697
   661     4.980264e+01     1.104510e-01
 * time: 296.2976188659668
   662     4.980264e+01     1.015045e-01
 * time: 296.8885169029236
   663     4.980264e+01     9.741607e-02
 * time: 297.18121004104614
   664     4.980264e+01     9.335667e-02
 * time: 297.47753286361694
   665     4.980264e+01     8.809415e-02
 * time: 297.7674038410187
   666     4.980264e+01     8.283489e-02
 * time: 298.060546875
   667     4.980264e+01     7.902357e-02
 * time: 298.65289402008057
   668     4.980264e+01     8.935611e-02
 * time: 299.2358150482178
   669     4.978612e+01     1.062076e-01
 * time: 299.8383388519287
   670     4.969681e+01     1.008937e-01
 * time: 300.13547706604004
   671     4.969681e+01     1.137713e-01
 * time: 300.7224838733673
   672     4.967136e+01     1.033336e-01
 * time: 301.3234579563141
   673     4.967136e+01     9.399851e-02
 * time: 301.61725902557373
   674     4.967136e+01     8.639120e-02
 * time: 301.90899991989136
   675     4.967136e+01     7.701274e-02
 * time: 302.1981039047241
   676     4.967136e+01     9.594483e-02
 * time: 302.78314900398254
   677     4.957367e+01     1.124302e-01
 * time: 303.37549591064453
   678     4.954217e+01     1.047730e-01
 * time: 303.6711759567261
   679     4.954217e+01     1.022462e-01
 * time: 303.96629905700684
   680     4.954217e+01     9.311873e-02
 * time: 304.26202297210693
   681     4.954217e+01     8.168629e-02
 * time: 304.8485050201416
   682     4.954217e+01     7.696188e-02
 * time: 305.14754700660706
   683     4.954217e+01     8.462540e-02
 * time: 305.7345349788666
   684     4.947445e+01     7.514876e-02
 * time: 306.03391790390015
   685     4.947445e+01     8.626036e-02
 * time: 306.6217930316925
   686     4.943046e+01     7.985521e-02
 * time: 306.92216897010803
   687     4.943046e+01     8.580187e-02
 * time: 307.5094430446625
   688     4.941175e+01     7.749021e-02
 * time: 308.1087498664856
   689     4.941175e+01     7.106837e-02
 * time: 308.40540385246277
   690     4.941175e+01     6.368407e-02
 * time: 308.7006690502167
   691     4.941175e+01     5.342302e-02
 * time: 309.28898191452026
   692     4.941175e+01     4.667227e-02
 * time: 309.5798258781433
   693     4.941175e+01     3.751795e-02
 * time: 309.8742890357971
   694     4.941175e+01     3.221991e-02
 * time: 310.17029905319214
   695     4.941175e+01     5.646363e-02
 * time: 310.76006984710693
   696     4.931054e+01     5.383627e-02
 * time: 311.3492970466614
   697     4.931054e+01     5.174432e-02
 * time: 311.6473300457001
   698     4.931054e+01     6.743617e-02
 * time: 312.24504494667053
   699     4.928640e+01     6.434757e-02
 * time: 312.54090905189514
   700     4.928640e+01     6.142628e-02
 * time: 313.1196508407593
   701     4.928640e+01     5.879268e-02
 * time: 313.4146480560303
   702     4.928640e+01     6.865009e-02
 * time: 313.9980809688568
   703     4.926903e+01     6.678653e-02
 * time: 314.2939410209656
   704     4.926903e+01     8.269636e-02
 * time: 314.87548184394836
   705     4.920503e+01     7.891819e-02
 * time: 315.1746759414673
   706     4.920503e+01     7.403269e-02
 * time: 315.4618890285492
   707     4.920503e+01     8.231907e-02
 * time: 316.07823300361633
   708     4.918182e+01     7.368863e-02
 * time: 316.37679290771484
   709     4.918182e+01     7.794281e-02
 * time: 316.9697880744934
   710     4.914170e+01     6.436776e-02
 * time: 317.26542496681213
   711     4.914170e+01     6.043665e-02
 * time: 317.56041193008423
   712     4.914170e+01     8.930712e-02
 * time: 318.14190101623535
   713     4.902137e+01     8.612431e-02
 * time: 318.44373989105225
   714     4.902137e+01     8.361992e-02
 * time: 318.7439799308777
   715     4.902137e+01     7.905825e-02
 * time: 319.0410358905792
   716     4.902137e+01     9.047096e-02
 * time: 319.64026403427124
   717     4.901241e+01     8.698788e-02
 * time: 320.2358889579773
   718     4.901241e+01     8.022149e-02
 * time: 320.5344409942627
   719     4.901241e+01     7.379800e-02
 * time: 320.8285708427429
   720     4.901241e+01     6.470860e-02
 * time: 321.42587995529175
   721     4.901241e+01     6.329286e-02
 * time: 321.72870993614197
   722     4.901241e+01     7.039033e-02
 * time: 322.32581901550293
   723     4.897855e+01     6.601090e-02
 * time: 322.6251480579376
   724     4.897855e+01     5.978996e-02
 * time: 322.92596983909607
   725     4.897855e+01     6.952743e-02
 * time: 323.5102770328522
   726     4.892657e+01     6.554280e-02
 * time: 323.8060839176178
   727     4.892657e+01     8.897904e-02
 * time: 324.40455293655396
   728     4.879749e+01     8.070409e-02
 * time: 324.6985058784485
   729     4.879749e+01     7.490115e-02
 * time: 324.9930589199066
   730     4.879749e+01     6.834443e-02
 * time: 325.5799698829651
   731     4.879749e+01     6.315015e-02
 * time: 325.8752679824829
   732     4.879749e+01     8.050757e-02
 * time: 326.47405791282654
   733     4.877756e+01     7.761359e-02
 * time: 326.7653069496155
   734     4.877756e+01     7.612538e-02
 * time: 327.0654480457306
   735     4.877756e+01     7.226947e-02
 * time: 327.3548059463501
   736     4.877756e+01     6.820493e-02
 * time: 327.65894889831543
   737     4.877756e+01     7.299390e-02
 * time: 327.9623498916626
   738     4.877756e+01     8.314858e-02
 * time: 328.55012607574463
   739     4.872337e+01     7.656000e-02
 * time: 328.84589099884033
   740     4.872337e+01     7.184915e-02
 * time: 329.1412880420685
   741     4.872337e+01     6.686962e-02
 * time: 329.4336938858032
   742     4.872337e+01     6.625395e-02
 * time: 329.7224168777466
   743     4.872337e+01     9.530105e-02
 * time: 330.30946803092957
   744     4.855838e+01     8.742493e-02
 * time: 330.6094779968262
   745     4.855838e+01     8.566608e-02
 * time: 330.9069929122925
   746     4.855838e+01     7.840537e-02
 * time: 331.1973979473114
   747     4.855838e+01     7.227540e-02
 * time: 331.4909870624542
   748     4.855838e+01     7.757811e-02
 * time: 331.7818970680237
   749     4.855838e+01     7.913149e-02
 * time: 332.07883191108704
   750     4.855838e+01     1.016538e-01
 * time: 332.6917350292206
   751     4.843121e+01     9.432692e-02
 * time: 332.9824559688568
   752     4.843121e+01     8.603507e-02
 * time: 333.27175307273865
   753     4.843121e+01     7.639391e-02
 * time: 333.5625379085541
   754     4.843121e+01     7.259409e-02
 * time: 333.85962295532227
   755     4.843121e+01     7.596062e-02
 * time: 334.15593695640564
   756     4.843121e+01     6.252187e-02
 * time: 334.7408230304718
   757     4.843121e+01     5.774653e-02
 * time: 335.03506803512573
   758     4.843121e+01     5.466005e-02
 * time: 335.62724900245667
   759     4.843121e+01     5.365599e-02
 * time: 335.9303779602051
   760     4.843121e+01     5.137941e-02
 * time: 336.22247099876404
   761     4.843121e+01     4.895913e-02
 * time: 336.51884484291077
   762     4.843121e+01     4.612287e-02
 * time: 336.8131880760193
   763     4.843121e+01     4.242896e-02
 * time: 337.39642786979675
   764     4.843121e+01     3.974040e-02
 * time: 337.9828770160675
   765     4.843121e+01     3.892685e-02
 * time: 338.2764790058136
   766     4.843121e+01     3.815548e-02
 * time: 338.56656789779663
   767     4.843121e+01     3.953615e-02
 * time: 338.8656749725342
   768     4.843121e+01     3.732515e-02
 * time: 339.1649649143219
   769     4.843121e+01     3.493804e-02
 * time: 339.4507758617401
   770     4.843121e+01     3.497978e-02
 * time: 340.0364110469818
   771     4.842867e+01     3.056364e-02
 * time: 340.32415795326233
   772     4.842867e+01     2.974967e-02
 * time: 340.9244658946991
   773     4.840554e+01     4.767736e-02
 * time: 341.5120668411255
   774     4.830894e+01     4.389861e-02
 * time: 341.80706000328064
   775     4.830894e+01     4.197866e-02
 * time: 342.4020550251007
   776     4.830894e+01     3.942953e-02
 * time: 342.99102902412415
   777     4.830894e+01     3.669926e-02
 * time: 343.57889795303345
   778     4.830894e+01     3.595201e-02
 * time: 343.8685278892517
   779     4.830894e+01     3.329457e-02
 * time: 347.0975959300995
   780     4.830894e+01     3.117535e-02
 * time: 347.3903548717499
   781     4.830894e+01     3.045206e-02
 * time: 347.9800510406494
   782     4.830894e+01     2.859731e-02
 * time: 348.57115292549133
   783     4.830894e+01     2.712235e-02
 * time: 348.86511993408203
   784     4.830894e+01     2.621745e-02
 * time: 349.1549370288849
   785     4.830894e+01     2.533946e-02
 * time: 349.7360579967499
   786     4.830894e+01     2.540296e-02
 * time: 350.0251019001007
   787     4.830894e+01     2.480921e-02
 * time: 350.3124420642853
   788     4.830894e+01     2.431845e-02
 * time: 350.89645504951477
   789     4.830894e+01     2.446316e-02
 * time: 351.18241906166077
   790     4.830894e+01     2.326800e-02
 * time: 351.7786078453064
   791     4.830894e+01     2.242069e-02
 * time: 352.0725600719452
   792     4.830894e+01     2.117604e-02
 * time: 352.65195393562317
   793     4.830894e+01     2.080800e-02
 * time: 352.9477779865265
   794     4.830894e+01     1.942694e-02
 * time: 353.52913784980774
   795     4.830894e+01     1.789739e-02
 * time: 354.11396288871765
   796     4.830894e+01     1.679365e-02
 * time: 354.7039849758148
   797     4.830894e+01     1.612211e-02
 * time: 355.0026249885559
   798     4.830894e+01     1.548399e-02
 * time: 355.58912897109985
   799     4.830894e+01     1.471820e-02
 * time: 355.8834300041199
   800     4.830894e+01     1.399194e-02
 * time: 356.1692578792572
   801     4.830894e+01     1.350088e-02
 * time: 356.7639319896698
   802     4.830894e+01     1.316409e-02
 * time: 357.0611569881439
   803     4.830894e+01     1.281217e-02
 * time: 357.6542708873749
   804     4.830894e+01     1.278080e-02
 * time: 357.945191860199
   805     4.830894e+01     1.813326e-02
 * time: 361.201003074646
   806     4.830894e+01     1.733334e-02
 * time: 361.78921604156494
   807     4.830894e+01     1.635395e-02
 * time: 362.08157300949097
   808     4.830894e+01     2.062083e-02
 * time: 365.3235168457031
   809     4.830597e+01     1.504689e-02
 * time: 365.9330689907074
   810     4.830597e+01     1.529298e-02
 * time: 366.23750591278076
   811     4.830597e+01     1.397564e-02
 * time: 366.5393488407135
   812     4.830597e+01     1.275107e-02
 * time: 366.8470380306244
   813     4.830597e+01     1.117578e-02
 * time: 367.43718099594116
   814     4.830597e+01     1.101738e-02
 * time: 368.02661299705505
   815     4.830597e+01     9.752817e-03
 * time: 368.3210070133209
   816     4.830597e+01     8.509744e-03
 * time: 368.91373896598816
   817     4.830597e+01     7.267639e-03
 * time: 369.5004949569702
   818     4.830597e+01     6.631570e-03
 * time: 369.79429602622986
   819     4.830597e+01     1.208874e-02
 * time: 373.06155705451965
   820     4.829637e+01     1.338157e-02
 * time: 376.2941598892212
   821     4.829637e+01     1.609984e-02
 * time: 379.50938391685486
   822     4.829637e+01     1.371217e-02
 * time: 379.80757999420166
   823     4.829637e+01     1.771899e-02
 * time: 383.05448293685913
   824     4.829637e+01     1.164625e-02
 * time: 383.3401038646698
   825     4.829637e+01     1.064479e-02
 * time: 383.6404299736023
   826     4.829637e+01     1.000886e-02
 * time: 383.9413330554962
   827     4.829637e+01     9.791622e-03
 * time: 384.2402009963989
   828     4.829637e+01     1.132183e-02
 * time: 387.5476870536804
   829     4.829190e+01     1.055174e-02
 * time: 387.8433768749237
   830     4.829190e+01     9.463218e-03
 * time: 388.14510583877563
   831     4.829190e+01     8.498934e-03
 * time: 388.741219997406
   832     4.829190e+01     7.527626e-03
 * time: 389.34556698799133
   833     4.829190e+01     6.967208e-03
 * time: 389.959832906723
   834     4.829190e+01     1.157565e-02
 * time: 393.25612902641296
   835     4.828400e+01     1.007672e-02
 * time: 393.84254789352417
   836     4.828400e+01     9.091320e-03
 * time: 394.4288430213928
   837     4.828400e+01     1.173152e-02
 * time: 397.6530120372772
   838     4.827944e+01     1.116346e-02
 * time: 398.22673296928406
   839     4.827944e+01     1.003169e-02
 * time: 398.8177809715271
   840     4.827944e+01     1.123395e-02
 * time: 399.4050290584564
   841     4.827658e+01     1.083090e-02
 * time: 399.70175790786743
   842     4.827658e+01     1.008852e-02
 * time: 399.9957308769226
   843     4.827658e+01     9.290980e-03
 * time: 400.2896270751953
   844     4.827658e+01     8.726671e-03
 * time: 400.5800778865814
   845     4.827658e+01     1.265921e-02
 * time: 403.79098200798035
   846     4.827353e+01     1.212054e-02
 * time: 404.09240102767944
   847     4.827353e+01     1.147415e-02
 * time: 404.3909628391266
   848     4.827353e+01     1.039716e-02
 * time: 404.97440695762634
   849     4.827353e+01     9.063194e-03
 * time: 405.5526509284973
   850     4.827353e+01     9.732928e-03
 * time: 408.7830328941345
   851     4.827353e+01     8.853093e-03
 * time: 409.3711540699005
   852     4.827353e+01     6.641214e-03
 * time: 409.9635989665985
   853     4.827353e+01     5.968188e-03
 * time: 410.5516400337219
   854     4.827353e+01     5.072696e-03
 * time: 410.8515830039978
   855     4.827353e+01     4.784500e-03
 * time: 411.43829703330994
   856     4.827353e+01     4.617968e-03
 * time: 411.7253098487854
   857     4.827353e+01     4.635508e-03
 * time: 412.0227749347687
   858     4.827353e+01     4.419647e-03
 * time: 412.60688304901123
   859     4.827353e+01     5.947373e-03
 * time: 415.8654818534851
   860     4.827353e+01     5.701685e-03
 * time: 416.45703196525574
   861     4.827353e+01     4.965135e-03
 * time: 417.0385220050812
   862     4.827353e+01     8.123116e-03
 * time: 420.281662940979
   863     4.826671e+01     7.728145e-03
 * time: 420.87073707580566
   864     4.826671e+01     6.771352e-03
 * time: 421.4563388824463
   865     4.826671e+01     6.462762e-03
 * time: 422.05508399009705
   866     4.826671e+01     6.172177e-03
 * time: 422.6347060203552
   867     4.826671e+01     6.545476e-03
 * time: 425.8881049156189
   868     4.826671e+01     5.775584e-03
 * time: 426.1830859184265
   869     4.826671e+01     5.012652e-03
 * time: 426.4772620201111
   870     4.826671e+01     7.405525e-03
 * time: 429.70044898986816
   871     4.826671e+01     6.054170e-03
 * time: 430.0067858695984
   872     4.826671e+01     5.862566e-03
 * time: 430.30616188049316
   873     4.826671e+01     5.330672e-03
 * time: 430.8921089172363
   874     4.826671e+01     4.952863e-03
 * time: 431.48358392715454
   875     4.826671e+01     4.285308e-03
 * time: 431.7727198600769
   876     4.826671e+01     3.997503e-03
 * time: 432.3531758785248
   877     4.826671e+01     3.796833e-03
 * time: 432.64608097076416
   878     4.826671e+01     3.671134e-03
 * time: 433.2336049079895
   879     4.826671e+01     3.483189e-03
 * time: 433.52831196784973
   880     4.826671e+01     4.060859e-03
 * time: 436.7514328956604
   881     4.826671e+01     3.736083e-03
 * time: 437.044753074646
   882     4.826671e+01     3.471299e-03
 * time: 437.3360869884491
   883     4.826671e+01     3.744450e-03
 * time: 440.6023750305176
   884     4.826671e+01     3.361188e-03
 * time: 440.89670300483704
   885     4.826671e+01     2.994510e-03
 * time: 441.1835460662842
   886     4.826671e+01     2.705855e-03
 * time: 441.4798810482025
   887     4.826671e+01     4.383315e-03
 * time: 444.69872188568115
   888     4.826480e+01     3.369028e-03
 * time: 445.2902569770813
   889     4.826480e+01     3.280326e-03
 * time: 445.8771538734436
   890     4.826480e+01     4.083378e-03
 * time: 449.1339168548584
   891     4.826480e+01     3.521009e-03
 * time: 449.73651003837585
   892     4.826480e+01     3.091723e-03
 * time: 450.03067803382874
   893     4.826480e+01     2.840531e-03
 * time: 450.6205270290375
   894     4.826480e+01     2.633964e-03
 * time: 451.21022486686707
   895     4.826480e+01     2.538565e-03
 * time: 451.50176191329956
   896     4.826480e+01     2.427584e-03
 * time: 452.08866000175476
   897     4.826480e+01     2.186410e-03
 * time: 452.67737889289856
   898     4.826480e+01     1.894453e-03
 * time: 452.96929597854614
   899     4.826480e+01     2.298928e-03
 * time: 456.2326068878174
   900     4.826480e+01     2.213514e-03
 * time: 459.4933350086212
   901     4.826480e+01     2.868169e-03
 * time: 462.74694895744324
   902     4.826427e+01     2.340494e-03
 * time: 463.3322870731354
   903     4.826427e+01     2.635434e-03
 * time: 466.59679889678955
   904     4.826427e+01     2.975133e-03
 * time: 469.81040692329407
   905     4.826331e+01     2.176223e-03
 * time: 470.3970670700073
   906     4.826331e+01     1.854146e-03
 * time: 470.6925919055939
   907     4.826331e+01     1.628947e-03
 * time: 471.2893009185791
   908     4.826331e+01     1.427971e-03
 * time: 471.8766338825226
   909     4.826331e+01     1.278475e-03
 * time: 472.46687388420105
   910     4.826331e+01     1.204229e-03
 * time: 473.0549519062042
   911     4.826331e+01     1.133088e-03
 * time: 473.64668893814087
   912     4.826331e+01     1.087627e-03
 * time: 473.9465548992157
   913     4.826331e+01     1.595017e-03
 * time: 477.1767430305481
   914     4.826331e+01     1.050645e-03
 * time: 477.4714388847351
   915     4.826331e+01     1.127818e-03
 * time: 480.7368309497833
   916     4.826331e+01     1.219984e-03
 * time: 483.9763379096985
   917     4.826225e+01     9.652107e-04
 * time: 484.5559449195862
   918     4.826225e+01     8.917707e-04
 * time: 484.85269498825073
   919     4.826225e+01     7.928058e-04
 * time: 485.14103603363037
   920     4.826225e+01     8.497452e-04
 * time: 485.7314450740814
   921     4.826225e+01     8.812936e-04
 * time: 486.02845788002014
   922     4.826225e+01     8.627978e-04
 * time: 486.6201000213623
   923     4.826225e+01     7.978370e-04
 * time: 487.2197198867798
   924     4.826225e+01     6.853201e-04
 * time: 487.5147280693054
   925     4.826225e+01     5.500967e-04
 * time: 488.09978699684143
   926     4.826225e+01     4.547390e-04
 * time: 488.6839039325714
   927     4.826225e+01     4.093441e-04
 * time: 489.265743970871
   928     4.826225e+01     3.820453e-04
 * time: 489.85133504867554
   929     4.826225e+01     7.256687e-04
 * time: 493.0521318912506
   930     4.826211e+01     5.590828e-04
 * time: 493.3492078781128
   931     4.826211e+01     4.875169e-04
 * time: 493.62281489372253
   932     4.826211e+01     4.596865e-04
 * time: 494.18256306648254
   933     4.826211e+01     4.550545e-04
 * time: 494.73359203338623
   934     4.826211e+01     4.279512e-04
 * time: 495.31525206565857
   935     4.826211e+01     6.836232e-04
 * time: 495.8763179779053
   936     4.826061e+01     6.482608e-04
 * time: 496.15517592430115
   937     4.826061e+01     5.963600e-04
 * time: 496.4336760044098
   938     4.826061e+01     6.960699e-04
 * time: 499.46978306770325
   939     4.826061e+01     6.328430e-04
 * time: 500.02550506591797
   940     4.826061e+01     5.570712e-04
 * time: 503.2755489349365
   941     4.826061e+01     5.023490e-04
 * time: 503.8713388442993
   942     4.826061e+01     4.755185e-04
 * time: 504.17507696151733
   943     4.826061e+01     4.701899e-04
 * time: 504.7670760154724
   944     4.826061e+01     4.641732e-04
 * time: 505.3525459766388
   945     4.826061e+01     4.363270e-04
 * time: 505.95098996162415
   946     4.826061e+01     4.110090e-04
 * time: 506.2654769420624
   947     4.826061e+01     4.048583e-04
 * time: 506.85684299468994
   948     4.826061e+01     4.518436e-04
 * time: 510.13393092155457
   949     4.826061e+01     4.099590e-04
 * time: 510.7251648902893
   950     4.826061e+01     3.810819e-04
 * time: 511.0234260559082
   951     4.826061e+01     3.465733e-04
 * time: 511.33615493774414
   952     4.826061e+01     4.604271e-04
 * time: 514.5848779678345
   953     4.826054e+01     3.590126e-04
 * time: 514.8807308673859
   954     4.826054e+01     5.613358e-04
 * time: 518.1268148422241
   955     4.825997e+01     5.010209e-04
 * time: 518.42036485672
   956     4.825997e+01     4.575003e-04
 * time: 519.0135450363159
   957     4.825997e+01     4.022761e-04
 * time: 519.6247298717499
   958     4.825997e+01     3.561170e-04
 * time: 519.9121239185333
   959     4.825997e+01     3.679030e-04
 * time: 523.1265630722046
   960     4.825997e+01     3.325712e-04
 * time: 523.709018945694
   961     4.825997e+01     3.182303e-04
 * time: 523.9986970424652
   962     4.825997e+01     2.999080e-04
 * time: 524.5773780345917
   963     4.825997e+01     2.978884e-04
 * time: 525.158369064331
   964     4.825997e+01     2.831265e-04
 * time: 525.4521930217743
   965     4.825997e+01     2.733888e-04
 * time: 526.0403850078583
   966     4.825997e+01     2.626726e-04
 * time: 526.3317399024963
   967     4.825997e+01     2.593432e-04
 * time: 526.9114890098572
   968     4.825997e+01     2.501246e-04
 * time: 527.5137228965759
   969     4.825997e+01     2.476705e-04
 * time: 528.1057388782501
   970     4.825997e+01     2.487363e-04
 * time: 531.3542649745941
   971     4.825997e+01     2.508325e-04
 * time: 534.5675148963928
   972     4.825997e+01     2.544655e-04
 * time: 534.8601989746094
   973     4.825997e+01     2.370094e-04
 * time: 535.149838924408
   974     4.825997e+01     2.100738e-04
 * time: 535.4494988918304
   975     4.825997e+01     2.075899e-04
 * time: 536.0651450157166
   976     4.825997e+01     1.924264e-04
 * time: 536.3620409965515
   977     4.825997e+01     1.753621e-04
 * time: 536.6608629226685
   978     4.825997e+01     1.687978e-04
 * time: 536.9545719623566
   979     4.825997e+01     1.587526e-04
 * time: 537.2435870170593
   980     4.825997e+01     1.605155e-04
 * time: 537.5318598747253
   981     4.825997e+01     1.495825e-04
 * time: 540.7517349720001
   982     4.825997e+01     1.518066e-04
 * time: 544.0089020729065
   983     4.825997e+01     1.375997e-04
 * time: 547.2469079494476
   984     4.825997e+01     1.406779e-04
 * time: 550.5030920505524
   985     4.825997e+01     1.355950e-04
 * time: 551.0974979400635
   986     4.825997e+01     1.508633e-04
 * time: 554.3137350082397
   987     4.825994e+01     1.298229e-04
 * time: 554.6059460639954
   988     4.825994e+01     1.311647e-04
 * time: 557.8063750267029
   989     4.825994e+01     1.258656e-04
 * time: 558.3855838775635
   990     4.825994e+01     9.959601e-05
 * time: 558.67822098732
   991     4.825994e+01     6.413180e-05
 * time: 558.9740419387817
   992     4.825994e+01     5.687916e-05
 * time: 559.5707838535309
   993     4.825989e+01     4.899735e-05
 * time: 559.8924469947815
   994     4.825989e+01     3.885127e-05
 * time: 560.1849009990692
   995     4.825989e+01     3.668017e-05
 * time: 560.475928068161
   996     4.825989e+01     3.216906e-05
 * time: 561.0594539642334
   997     4.825989e+01     2.851274e-05
 * time: 561.3464839458466
   998     4.825989e+01     2.475448e-05
 * time: 561.6431510448456
   999     4.825989e+01     2.195348e-05
 * time: 561.9396660327911
  1000     4.825989e+01     2.187759e-05
 * time: 565.1512260437012
