Iter     Function value    √(Σ(yᵢ-ȳ)²)/n 
------   --------------    --------------
     0     1.130159e+03     2.254461e+03
 * time: 0.021914958953857422
     1     1.130159e+03     1.364185e+03
 * time: 1.1005959510803223
     2     1.130159e+03     1.105530e+03
 * time: 1.3958680629730225
     3     1.130159e+03     8.825680e+02
 * time: 1.6908209323883057
     4     1.130159e+03     7.523865e+02
 * time: 1.985469102859497
     5     1.130159e+03     7.329172e+02
 * time: 2.5770320892333984
     6     1.130159e+03     7.126320e+02
 * time: 2.873199939727783
     7     1.130159e+03     6.208508e+02
 * time: 3.1692519187927246
     8     1.130159e+03     5.504218e+02
 * time: 3.7464399337768555
     9     1.130159e+03     4.809711e+02
 * time: 4.3364479541778564
    10     1.130159e+03     4.106608e+02
 * time: 4.635632038116455
    11     1.130159e+03     3.623052e+02
 * time: 5.240469932556152
    12     1.130159e+03     3.039766e+02
 * time: 5.830286979675293
    13     1.130159e+03     2.489673e+02
 * time: 6.419327020645142
    14     1.130159e+03     2.135766e+02
 * time: 6.713673114776611
    15     1.130159e+03     1.968521e+02
 * time: 7.008752107620239
    16     1.130159e+03     1.730768e+02
 * time: 7.304025888442993
    17     1.130159e+03     2.358319e+02
 * time: 7.893218994140625
    18     8.190472e+02     2.317541e+02
 * time: 8.483242988586426
    19     8.190472e+02     2.100531e+02
 * time: 9.086035966873169
    20     8.190472e+02     2.010465e+02
 * time: 9.678133964538574
    21     8.190472e+02     1.846923e+02
 * time: 10.267438888549805
    22     8.190472e+02     2.061137e+02
 * time: 10.843099117279053
    23     6.471122e+02     2.031351e+02
 * time: 11.454427003860474
    24     6.471122e+02     1.799399e+02
 * time: 12.043951034545898
    25     6.471122e+02     1.657142e+02
 * time: 12.635499954223633
    26     6.471122e+02     1.452904e+02
 * time: 13.231014013290405
    27     6.471122e+02     1.375342e+02
 * time: 13.82057809829712
    28     6.364997e+02     1.204649e+02
 * time: 14.11623501777649
    29     6.364997e+02     1.109729e+02
 * time: 14.704356908798218
    30     6.364997e+02     9.123954e+01
 * time: 15.296848058700562
    31     6.364997e+02     7.571015e+01
 * time: 15.884432077407837
    32     6.364997e+02     6.656728e+01
 * time: 16.474730968475342
    33     6.364997e+02     5.159749e+01
 * time: 17.06774401664734
    34     6.262542e+02     2.952625e+01
 * time: 17.645246028900146
    35     5.978130e+02     2.853597e+01
 * time: 17.938472032546997
    36     5.978130e+02     4.649830e+01
 * time: 18.527508020401
    37     5.255205e+02     5.636059e+01
 * time: 19.11784601211548
    38     5.163335e+02     5.467025e+01
 * time: 19.411628007888794
    39     5.163335e+02     5.813988e+01
 * time: 20.001216888427734
    40     5.163335e+02     5.628048e+01
 * time: 20.597629070281982
    41     5.163335e+02     5.155031e+01
 * time: 21.19382905960083
    42     5.163335e+02     4.935597e+01
 * time: 21.491910934448242
    43     5.163335e+02     4.610765e+01
 * time: 22.086359977722168
    44     5.163335e+02     4.870667e+01
 * time: 22.680229902267456
    45     4.685603e+02     4.429984e+01
 * time: 23.2739520072937
    46     4.685603e+02     3.396814e+01
 * time: 23.86665391921997
    47     4.685603e+02     3.268846e+01
 * time: 24.45440697669983
    48     4.419604e+02     4.315170e+01
 * time: 25.043910026550293
    49     4.001471e+02     3.992666e+01
 * time: 25.33824610710144
    50     4.001471e+02     4.066294e+01
 * time: 25.929562091827393
    51     4.001471e+02     3.865650e+01
 * time: 26.517548084259033
    52     4.001471e+02     3.652386e+01
 * time: 26.81224799156189
    53     4.001471e+02     3.565726e+01
 * time: 27.402570009231567
    54     4.001471e+02     3.399055e+01
 * time: 27.696964025497437
    55     4.001471e+02     3.139749e+01
 * time: 28.290668964385986
    56     4.001471e+02     2.740372e+01
 * time: 28.88218593597412
    57     4.001471e+02     2.374555e+01
 * time: 29.17714810371399
    58     4.001471e+02     2.458238e+01
 * time: 29.76983094215393
    59     3.887220e+02     2.221928e+01
 * time: 30.066482067108154
    60     3.887220e+02     1.804563e+01
 * time: 30.36060905456543
    61     3.887220e+02     1.708789e+01
 * time: 30.944703102111816
    62     3.887220e+02     1.757102e+01
 * time: 31.529310941696167
    63     3.837602e+02     1.759735e+01
 * time: 32.13587999343872
    64     3.822220e+02     1.689215e+01
 * time: 32.72855997085571
    65     3.818290e+02     1.552610e+01
 * time: 33.32439398765564
    66     3.775447e+02     1.647994e+01
 * time: 33.91374611854553
    67     3.580367e+02     2.262802e+01
 * time: 34.504761934280396
    68     3.261304e+02     2.128682e+01
 * time: 34.801486015319824
    69     3.261304e+02     2.182891e+01
 * time: 35.39355206489563
    70     3.261304e+02     2.022001e+01
 * time: 35.994170904159546
    71     3.261304e+02     1.905906e+01
 * time: 36.58592104911804
    72     3.261304e+02     1.768112e+01
 * time: 37.18009901046753
    73     3.261304e+02     2.503011e+01
 * time: 37.76507210731506
    74     2.889403e+02     2.600534e+01
 * time: 38.05413007736206
    75     2.889403e+02     2.471281e+01
 * time: 38.34679198265076
    76     2.889403e+02     2.445297e+01
 * time: 38.642290115356445
    77     2.889403e+02     2.734017e+01
 * time: 39.23323702812195
    78     2.796960e+02     2.527275e+01
 * time: 39.82887506484985
    79     2.796960e+02     2.286541e+01
 * time: 40.41675591468811
    80     2.796960e+02     2.140181e+01
 * time: 40.711405992507935
    81     2.796960e+02     2.015812e+01
 * time: 41.303361892700195
    82     2.759495e+02     2.044245e+01
 * time: 41.89605212211609
    83     2.609159e+02     1.797599e+01
 * time: 42.19140100479126
    84     2.609159e+02     1.601073e+01
 * time: 42.486687898635864
    85     2.609159e+02     1.243749e+01
 * time: 43.077073097229004
    86     2.609159e+02     1.388925e+01
 * time: 43.675589084625244
    87     2.542680e+02     1.548427e+01
 * time: 44.26548790931702
    88     2.465148e+02     1.482225e+01
 * time: 44.560341119766235
    89     2.465148e+02     1.374780e+01
 * time: 45.14088702201843
    90     2.465148e+02     1.784444e+01
 * time: 45.73072409629822
    91     2.272964e+02     2.013593e+01
 * time: 46.321173906326294
    92     2.240878e+02     1.884863e+01
 * time: 46.615473985672
    93     2.240878e+02     2.050306e+01
 * time: 47.20751404762268
    94     2.196546e+02     1.894533e+01
 * time: 47.512784004211426
    95     2.196546e+02     1.720816e+01
 * time: 47.80852293968201
    96     2.196546e+02     1.540169e+01
 * time: 48.40031909942627
    97     2.196546e+02     1.398820e+01
 * time: 48.69653606414795
    98     2.196546e+02     1.537882e+01
 * time: 49.28889989852905
    99     2.074069e+02     1.367260e+01
 * time: 49.8815860748291
   100     2.074069e+02     1.257248e+01
 * time: 50.17733693122864
   101     2.074069e+02     1.130889e+01
 * time: 50.4733190536499
   102     2.074069e+02     9.427150e+00
 * time: 51.06225299835205
   103     2.074069e+02     1.026083e+01
 * time: 51.651833057403564
   104     1.959350e+02     1.110363e+01
 * time: 51.937577962875366
   105     1.959350e+02     1.042493e+01
 * time: 52.5234899520874
   106     1.959350e+02     9.509275e+00
 * time: 52.81672811508179
   107     1.959350e+02     1.356547e+01
 * time: 53.40826606750488
   108     1.759318e+02     1.257352e+01
 * time: 53.70279598236084
   109     1.759318e+02     1.211810e+01
 * time: 53.99696397781372
   110     1.759318e+02     1.186370e+01
 * time: 54.29163193702698
   111     1.759318e+02     1.106306e+01
 * time: 54.586040019989014
   112     1.759318e+02     1.078946e+01
 * time: 54.881494998931885
   113     1.759318e+02     1.044167e+01
 * time: 55.18118190765381
   114     1.759318e+02     1.128630e+01
 * time: 55.772660970687866
   115     1.681734e+02     9.877432e+00
 * time: 56.0673189163208
   116     1.681734e+02     8.977756e+00
 * time: 56.6595299243927
   117     1.681734e+02     9.314110e+00
 * time: 57.25494909286499
   118     1.677888e+02     9.542530e+00
 * time: 57.84649205207825
   119     1.643320e+02     8.733503e+00
 * time: 58.14160490036011
   120     1.643320e+02     8.933893e+00
 * time: 58.72337102890015
   121     1.625309e+02     7.853980e+00
 * time: 59.31397604942322
   122     1.625309e+02     7.048793e+00
 * time: 59.904853105545044
   123     1.625309e+02     6.241477e+00
 * time: 60.20146989822388
   124     1.625309e+02     7.838654e+00
 * time: 60.79132699966431
   125     1.519217e+02     6.949743e+00
 * time: 61.3828980922699
   126     1.519217e+02     6.403222e+00
 * time: 61.972403049468994
   127     1.519217e+02     1.053996e+01
 * time: 62.5625319480896
   128     1.357375e+02     1.012232e+01
 * time: 62.85663199424744
   129     1.357375e+02     9.594988e+00
 * time: 63.449848890304565
   130     1.357375e+02     9.264975e+00
 * time: 64.03830599784851
   131     1.357375e+02     8.844255e+00
 * time: 64.62925601005554
   132     1.357375e+02     8.344697e+00
 * time: 65.22073698043823
   133     1.357375e+02     8.741928e+00
 * time: 65.50939393043518
   134     1.357375e+02     8.302749e+00
 * time: 65.79816198348999
   135     1.357375e+02     7.736029e+00
 * time: 66.38722205162048
   136     1.357375e+02     7.191868e+00
 * time: 66.98246312141418
   137     1.357375e+02     6.761730e+00
 * time: 67.27739095687866
   138     1.357375e+02     6.867380e+00
 * time: 67.572340965271
   139     1.357375e+02     8.282496e+00
 * time: 68.16065812110901
   140     1.320503e+02     7.541638e+00
 * time: 68.45571398735046
   141     1.320503e+02     7.356585e+00
 * time: 68.75242900848389
   142     1.320503e+02     7.178320e+00
 * time: 69.04900193214417
   143     1.320503e+02     7.379166e+00
 * time: 69.34428405761719
   144     1.320503e+02     6.726648e+00
 * time: 69.63795709609985
   145     1.320503e+02     8.455562e+00
 * time: 70.22635793685913
   146     1.213189e+02     7.444760e+00
 * time: 70.822674036026
   147     1.213189e+02     6.708119e+00
 * time: 71.41274404525757
   148     1.213189e+02     7.011127e+00
 * time: 71.70833492279053
   149     1.213189e+02     6.494574e+00
 * time: 72.29386305809021
   150     1.213189e+02     6.691120e+00
 * time: 72.5811779499054
   151     1.213189e+02     6.191914e+00
 * time: 72.8751130104065
   152     1.213189e+02     7.229711e+00
 * time: 73.46630811691284
   153     1.167191e+02     6.654739e+00
 * time: 73.7602379322052
   154     1.167191e+02     6.229960e+00
 * time: 74.05507802963257
   155     1.167191e+02     6.095489e+00
 * time: 74.34990310668945
   156     1.167191e+02     5.548465e+00
 * time: 74.64921808242798
   157     1.167191e+02     5.686347e+00
 * time: 75.24076104164124
   158     1.155492e+02     4.873897e+00
 * time: 75.53575110435486
   159     1.155492e+02     5.516252e+00
 * time: 76.12697100639343
   160     1.097686e+02     5.075944e+00
 * time: 76.42141389846802
   161     1.097686e+02     4.837438e+00
 * time: 76.71518898010254
   162     1.097686e+02     4.511844e+00
 * time: 77.00991010665894
   163     1.097686e+02     4.233000e+00
 * time: 77.30556392669678
   164     1.097686e+02     3.855736e+00
 * time: 77.89289689064026
   165     1.097686e+02     4.567318e+00
 * time: 78.48734498023987
   166     1.082726e+02     4.881020e+00
 * time: 79.0768129825592
   167     1.080442e+02     5.362925e+00
 * time: 79.65533804893494
   168     1.053255e+02     4.946710e+00
 * time: 79.94969606399536
   169     1.053255e+02     4.556979e+00
 * time: 80.24405789375305
   170     1.053255e+02     4.311235e+00
 * time: 80.5377631187439
   171     1.053255e+02     3.670008e+00
 * time: 80.8313820362091
   172     1.053255e+02     2.824868e+00
 * time: 81.12968611717224
   173     1.053255e+02     5.560529e+00
 * time: 81.72236800193787
   174     9.002095e+01     5.325369e+00
 * time: 82.3231348991394
   175     9.002095e+01     5.907510e+00
 * time: 82.61935591697693
   176     9.002095e+01     5.763434e+00
 * time: 82.91530704498291
   177     9.002095e+01     6.506014e+00
 * time: 83.21254706382751
   178     9.002095e+01     6.483194e+00
 * time: 83.51153898239136
   179     9.002095e+01     6.092190e+00
 * time: 83.80731391906738
   180     9.002095e+01     5.926302e+00
 * time: 84.10314393043518
   181     9.002095e+01     6.460892e+00
 * time: 84.69562292098999
   182     8.662709e+01     6.043148e+00
 * time: 84.9908881187439
   183     8.662709e+01     5.284321e+00
 * time: 85.28600192070007
   184     8.662709e+01     5.861419e+00
 * time: 85.87461304664612
   185     8.099218e+01     5.166164e+00
 * time: 86.45610690116882
   186     8.099218e+01     4.518452e+00
 * time: 86.75121307373047
   187     8.099218e+01     4.346950e+00
 * time: 87.04471206665039
   188     8.099218e+01     4.211213e+00
 * time: 87.3391261100769
   189     8.099218e+01     4.547894e+00
 * time: 87.63521194458008
   190     8.099218e+01     4.530407e+00
 * time: 87.93030095100403
   191     8.099218e+01     4.177249e+00
 * time: 88.22568988800049
   192     8.099218e+01     3.741645e+00
 * time: 88.52062797546387
   193     8.099218e+01     3.351390e+00
 * time: 89.11205005645752
   194     8.099218e+01     4.484075e+00
 * time: 89.70304989814758
   195     7.440925e+01     5.071897e+00
 * time: 90.0032250881195
   196     7.440925e+01     4.865347e+00
 * time: 90.29770112037659
   197     7.440925e+01     4.521146e+00
 * time: 90.59210205078125
   198     7.440925e+01     4.450440e+00
 * time: 90.88790798187256
   199     7.440925e+01     4.007180e+00
 * time: 91.18216395378113
   200     7.440925e+01     3.425717e+00
 * time: 91.47628593444824
   201     7.440925e+01     3.211280e+00
 * time: 91.77164697647095
   202     7.440925e+01     2.994672e+00
 * time: 92.36361694335938
   203     7.440925e+01     2.829034e+00
 * time: 92.65678691864014
   204     7.440925e+01     3.161913e+00
 * time: 93.24357604980469
   205     7.204495e+01     2.969525e+00
 * time: 93.84589505195618
   206     7.204495e+01     3.686795e+00
 * time: 94.4351749420166
   207     6.842548e+01     3.551310e+00
 * time: 94.73187708854675
   208     6.842548e+01     3.285530e+00
 * time: 95.32199501991272
   209     6.842548e+01     2.962554e+00
 * time: 95.91404700279236
   210     6.842548e+01     2.690390e+00
 * time: 96.20941305160522
   211     6.842548e+01     2.458162e+00
 * time: 96.80337190628052
   212     6.842548e+01     2.186309e+00
 * time: 97.39528107643127
   213     6.842548e+01     2.111401e+00
 * time: 97.69429111480713
   214     6.842548e+01     1.997336e+00
 * time: 97.98954510688782
   215     6.842548e+01     2.059323e+00
 * time: 98.28398609161377
   216     6.842548e+01     1.944321e+00
 * time: 98.57915711402893
   217     6.842548e+01     1.851497e+00
 * time: 98.87521696090698
   218     6.842548e+01     1.780874e+00
 * time: 99.17151689529419
   219     6.842548e+01     3.057156e+00
 * time: 99.75093007087708
   220     6.390050e+01     2.917930e+00
 * time: 100.3344419002533
   221     6.390050e+01     2.748560e+00
 * time: 100.92342805862427
   222     6.390050e+01     2.599152e+00
 * time: 101.5191900730133
   223     6.390050e+01     2.455142e+00
 * time: 101.81461000442505
   224     6.390050e+01     2.350515e+00
 * time: 102.11090803146362
   225     6.390050e+01     2.258059e+00
 * time: 102.40581202507019
   226     6.390050e+01     2.105809e+00
 * time: 102.9947988986969
   227     6.390050e+01     1.938571e+00
 * time: 103.28987908363342
   228     6.390050e+01     1.809383e+00
 * time: 103.8803300857544
   229     6.390050e+01     1.835261e+00
 * time: 104.17554998397827
   230     6.390050e+01     1.670937e+00
 * time: 104.4721930027008
   231     6.390050e+01     1.499516e+00
 * time: 104.76824307441711
   232     6.390050e+01     1.418043e+00
 * time: 105.36935901641846
   233     6.390050e+01     1.642901e+00
 * time: 105.66370391845703
   234     6.390050e+01     1.599336e+00
 * time: 106.25271010398865
   235     6.390050e+01     1.485145e+00
 * time: 106.5418119430542
   236     6.390050e+01     1.840884e+00
 * time: 107.12691497802734
   237     6.188725e+01     1.670066e+00
 * time: 107.42141103744507
   238     6.188725e+01     1.475977e+00
 * time: 107.71494889259338
   239     6.188725e+01     1.294698e+00
 * time: 108.01138710975647
   240     6.188725e+01     1.190790e+00
 * time: 108.30686593055725
   241     6.188725e+01     1.057108e+00
 * time: 108.89687991142273
   242     6.188725e+01     9.998416e-01
 * time: 109.19537305831909
   243     6.188725e+01     1.215092e+00
 * time: 109.80967712402344
   244     6.132470e+01     1.114014e+00
 * time: 110.40096807479858
   245     6.132470e+01     9.911311e-01
 * time: 110.99141597747803
   246     6.132470e+01     8.842720e-01
 * time: 111.5807900428772
   247     6.132470e+01     8.336141e-01
 * time: 111.87457799911499
   248     6.132470e+01     7.794528e-01
 * time: 112.46397805213928
   249     6.132470e+01     7.237422e-01
 * time: 112.75713109970093
   250     6.132470e+01     7.029086e-01
 * time: 113.05644512176514
   251     6.132470e+01     6.826478e-01
 * time: 113.63590407371521
   252     6.132470e+01     7.239515e-01
 * time: 113.93053698539734
   253     6.132470e+01     6.663199e-01
 * time: 114.52068400382996
   254     6.132470e+01     6.583132e-01
 * time: 114.81677794456482
   255     6.132470e+01     5.888799e-01
 * time: 115.40792298316956
   256     6.132470e+01     4.887144e-01
 * time: 115.9970691204071
   257     6.132470e+01     4.326642e-01
 * time: 116.2912950515747
   258     6.132470e+01     4.210387e-01
 * time: 116.88570809364319
   259     6.117718e+01     3.810548e-01
 * time: 117.47951102256775
   260     6.117718e+01     3.374321e-01
 * time: 117.77480602264404
   261     6.117718e+01     2.855677e-01
 * time: 118.36529898643494
   262     6.117718e+01     3.836469e-01
 * time: 118.95296907424927
   263     6.052177e+01     3.639881e-01
 * time: 119.24876499176025
   264     6.052177e+01     4.966665e-01
 * time: 119.83787703514099
   265     6.014276e+01     4.677816e-01
 * time: 120.13002490997314
   266     6.014276e+01     4.745893e-01
 * time: 120.42009210586548
   267     6.014276e+01     4.477602e-01
 * time: 120.71501994132996
   268     6.014276e+01     6.073666e-01
 * time: 121.31172704696655
   269     5.954054e+01     6.383365e-01
 * time: 121.60733890533447
   270     5.954054e+01     6.232697e-01
 * time: 121.90244197845459
   271     5.954054e+01     5.797917e-01
 * time: 122.19800305366516
   272     5.954054e+01     5.108035e-01
 * time: 122.78712606430054
   273     5.954054e+01     4.288755e-01
 * time: 123.08074903488159
   274     5.954054e+01     2.965386e-01
 * time: 123.67118692398071
   275     5.954054e+01     2.605397e-01
 * time: 123.96584296226501
   276     5.954054e+01     3.945598e-01
 * time: 124.55480098724365
   277     5.889905e+01     4.658275e-01
 * time: 125.14725708961487
   278     5.881132e+01     4.496444e-01
 * time: 125.44152998924255
   279     5.881132e+01     4.319371e-01
 * time: 126.03166198730469
   280     5.881132e+01     4.154475e-01
 * time: 126.61981105804443
   281     5.881132e+01     3.926796e-01
 * time: 127.19843101501465
   282     5.881132e+01     3.878709e-01
 * time: 127.49212002754211
   283     5.881132e+01     3.494503e-01
 * time: 128.08225393295288
   284     5.881132e+01     3.057383e-01
 * time: 128.67724204063416
   285     5.881132e+01     3.589538e-01
 * time: 129.26648902893066
   286     5.843122e+01     3.992491e-01
 * time: 129.56250596046448
   287     5.843122e+01     3.761203e-01
 * time: 129.8565330505371
   288     5.843122e+01     3.533079e-01
 * time: 130.1521680355072
   289     5.843122e+01     3.298066e-01
 * time: 130.44890594482422
   290     5.843122e+01     3.055771e-01
 * time: 130.74363207817078
   291     5.843122e+01     2.449646e-01
 * time: 131.03799200057983
   292     5.843122e+01     2.272369e-01
 * time: 131.62846112251282
   293     5.838227e+01     3.367933e-01
 * time: 132.21861791610718
   294     5.776592e+01     3.155610e-01
 * time: 132.81365203857422
   295     5.776592e+01     3.229778e-01
 * time: 133.10906195640564
   296     5.776592e+01     2.870573e-01
 * time: 133.68543910980225
   297     5.776592e+01     3.268252e-01
 * time: 134.27447509765625
   298     5.766183e+01     2.979581e-01
 * time: 134.5708920955658
   299     5.766183e+01     3.532969e-01
 * time: 135.15955305099487
   300     5.748534e+01     3.324882e-01
 * time: 135.75058507919312
   301     5.748534e+01     3.167077e-01
 * time: 136.0450201034546
   302     5.748534e+01     3.366044e-01
 * time: 136.63829588890076
   303     5.740582e+01     3.034885e-01
 * time: 136.93479704856873
   304     5.740582e+01     4.003153e-01
 * time: 137.52648997306824
   305     5.682424e+01     3.753745e-01
 * time: 137.82119488716125
   306     5.682424e+01     4.034685e-01
 * time: 138.1160020828247
   307     5.682424e+01     3.689058e-01
 * time: 138.70487809181213
   308     5.682424e+01     3.325730e-01
 * time: 139.00065207481384
   309     5.682424e+01     3.260543e-01
 * time: 139.29656195640564
   310     5.682424e+01     2.999877e-01
 * time: 139.59261894226074
   311     5.682424e+01     3.815600e-01
 * time: 140.1754710674286
   312     5.645645e+01     3.589700e-01
 * time: 140.46523308753967
   313     5.645645e+01     4.114798e-01
 * time: 141.05442690849304
   314     5.636375e+01     4.636197e-01
 * time: 141.64791297912598
   315     5.623260e+01     4.324566e-01
 * time: 141.9448540210724
   316     5.623260e+01     4.015141e-01
 * time: 142.53946995735168
   317     5.623260e+01     3.731354e-01
 * time: 142.83563899993896
   318     5.623260e+01     3.431175e-01
 * time: 143.13051891326904
   319     5.623260e+01     3.543118e-01
 * time: 143.72223901748657
   320     5.604971e+01     3.097021e-01
 * time: 144.0275740623474
   321     5.604971e+01     2.645629e-01
 * time: 144.3241081237793
   322     5.604971e+01     3.358821e-01
 * time: 144.91759395599365
   323     5.549721e+01     3.610636e-01
 * time: 145.2163369655609
   324     5.549721e+01     3.394826e-01
 * time: 145.51306700706482
   325     5.549721e+01     3.288010e-01
 * time: 145.8087649345398
   326     5.549721e+01     3.312182e-01
 * time: 146.10444593429565
   327     5.549721e+01     3.454037e-01
 * time: 146.39946293830872
   328     5.549721e+01     3.267358e-01
 * time: 146.68709707260132
   329     5.549721e+01     2.978677e-01
 * time: 147.272479057312
   330     5.549721e+01     2.922990e-01
 * time: 147.8675799369812
   331     5.542470e+01     2.489227e-01
 * time: 148.16293001174927
   332     5.542470e+01     3.024100e-01
 * time: 148.75138401985168
   333     5.492152e+01     3.821118e-01
 * time: 149.34348893165588
   334     5.466563e+01     4.018335e-01
 * time: 149.63940501213074
   335     5.466563e+01     3.684286e-01
 * time: 149.93466806411743
   336     5.466563e+01     3.722630e-01
 * time: 150.2282841205597
   337     5.466563e+01     3.318185e-01
 * time: 150.52326202392578
   338     5.466563e+01     3.180324e-01
 * time: 150.81866908073425
   339     5.466563e+01     3.199874e-01
 * time: 151.1125249862671
   340     5.466563e+01     3.867627e-01
 * time: 151.70647406578064
   341     5.413893e+01     3.492322e-01
 * time: 152.00332188606262
   342     5.413893e+01     4.453675e-01
 * time: 152.59254097938538
   343     5.371069e+01     4.260782e-01
 * time: 152.88714790344238
   344     5.371069e+01     3.787364e-01
 * time: 153.17678093910217
   345     5.371069e+01     3.704008e-01
 * time: 153.46690392494202
   346     5.371069e+01     4.236263e-01
 * time: 154.06273889541626
   347     5.352856e+01     4.382936e-01
 * time: 154.35958695411682
   348     5.352856e+01     4.752594e-01
 * time: 154.95239901542664
   349     5.327005e+01     4.328676e-01
 * time: 155.24874305725098
   350     5.327005e+01     5.385359e-01
 * time: 155.8486111164093
   351     5.252456e+01     4.729391e-01
 * time: 156.14298605918884
   352     5.252456e+01     4.426270e-01
 * time: 156.43817496299744
   353     5.252456e+01     4.613670e-01
 * time: 156.73298001289368
   354     5.252456e+01     5.376077e-01
 * time: 157.32436299324036
   355     5.204775e+01     5.057000e-01
 * time: 157.61829495429993
   356     5.204775e+01     5.396619e-01
 * time: 157.9128680229187
   357     5.204775e+01     5.314743e-01
 * time: 158.20820903778076
   358     5.204775e+01     5.435295e-01
 * time: 158.7960329055786
   359     5.179375e+01     5.613568e-01
 * time: 159.39102005958557
   360     5.159394e+01     6.044457e-01
 * time: 159.9736590385437
   361     5.115484e+01     5.350377e-01
 * time: 160.2627830505371
   362     5.115484e+01     4.383949e-01
 * time: 160.55760192871094
   363     5.115484e+01     4.873774e-01
 * time: 161.1478250026703
   364     5.078688e+01     6.181695e-01
 * time: 161.7383849620819
   365     5.010948e+01     5.718818e-01
 * time: 162.03403210639954
   366     5.010948e+01     5.355587e-01
 * time: 162.32930397987366
   367     5.010948e+01     6.511738e-01
 * time: 162.91948199272156
   368     4.974150e+01     6.079148e-01
 * time: 163.5133650302887
   369     4.974150e+01     5.679049e-01
 * time: 163.80870389938354
   370     4.974150e+01     6.789305e-01
 * time: 164.40097093582153
   371     4.938934e+01     6.624642e-01
 * time: 164.69825792312622
   372     4.938934e+01     6.038277e-01
 * time: 164.992418050766
   373     4.938934e+01     5.695537e-01
 * time: 165.28680992126465
   374     4.938934e+01     6.837782e-01
 * time: 165.87888407707214
   375     4.859554e+01     6.021969e-01
 * time: 166.17525100708008
   376     4.859554e+01     7.869969e-01
 * time: 166.75207209587097
   377     4.791251e+01     8.474208e-01
 * time: 167.0534610748291
   378     4.791251e+01     8.252769e-01
 * time: 167.34969091415405
   379     4.791251e+01     7.692922e-01
 * time: 167.9396209716797
   380     4.791251e+01     7.638832e-01
 * time: 168.23575901985168
   381     4.791251e+01     7.295453e-01
 * time: 168.53066110610962
   382     4.791251e+01     6.550665e-01
 * time: 168.82466101646423
   383     4.791251e+01     6.958322e-01
 * time: 169.41533708572388
   384     4.695174e+01     5.916788e-01
 * time: 169.7101321220398
   385     4.695174e+01     6.824323e-01
 * time: 170.2993950843811
   386     4.627930e+01     6.511736e-01
 * time: 170.59376406669617
   387     4.627930e+01     6.452622e-01
 * time: 170.8930070400238
   388     4.627930e+01     6.423154e-01
 * time: 171.18879008293152
   389     4.627930e+01     6.155507e-01
 * time: 171.48430800437927
   390     4.627930e+01     5.612966e-01
 * time: 171.77963209152222
   391     4.627930e+01     5.145021e-01
 * time: 172.0738320350647
   392     4.627930e+01     5.278230e-01
 * time: 172.66400003433228
   393     4.600760e+01     6.372807e-01
 * time: 173.25011610984802
   394     4.518967e+01     5.716643e-01
 * time: 173.53808689117432
   395     4.518967e+01     5.341055e-01
 * time: 173.82991409301758
   396     4.518967e+01     5.819314e-01
 * time: 174.12540102005005
   397     4.518967e+01     5.646875e-01
 * time: 174.42028498649597
   398     4.518967e+01     5.300899e-01
 * time: 174.72024202346802
   399     4.518967e+01     4.678767e-01
 * time: 175.30894899368286
   400     4.518967e+01     3.934430e-01
 * time: 175.6035521030426
   401     4.518967e+01     3.536769e-01
 * time: 175.89805698394775
   402     4.518967e+01     4.364684e-01
 * time: 176.48794507980347
   403     4.455302e+01     4.056117e-01
 * time: 176.78428411483765
   404     4.455302e+01     3.880542e-01
 * time: 177.07985091209412
   405     4.455302e+01     3.203068e-01
 * time: 177.37554502487183
   406     4.455302e+01     2.958667e-01
 * time: 177.67317295074463
   407     4.455302e+01     2.804233e-01
 * time: 177.9681580066681
   408     4.455302e+01     3.663971e-01
 * time: 178.56108593940735
   409     4.421782e+01     3.385003e-01
 * time: 179.15835189819336
   410     4.421782e+01     3.236032e-01
 * time: 179.45205402374268
   411     4.421782e+01     3.830989e-01
 * time: 180.03471112251282
   412     4.407536e+01     3.587378e-01
 * time: 180.61986804008484
   413     4.407536e+01     3.697685e-01
 * time: 180.91451001167297
   414     4.407536e+01     3.425304e-01
 * time: 181.5036380290985
   415     4.407536e+01     3.251778e-01
 * time: 181.8000030517578
   416     4.407536e+01     3.083479e-01
 * time: 182.09622406959534
   417     4.407536e+01     2.813423e-01
 * time: 182.3906409740448
   418     4.407536e+01     2.569896e-01
 * time: 182.68887591362
   419     4.407536e+01     2.202718e-01
 * time: 183.2795090675354
   420     4.407536e+01     1.930293e-01
 * time: 183.5755100250244
   421     4.407536e+01     1.465447e-01
 * time: 183.87200808525085
   422     4.407536e+01     2.388313e-01
 * time: 184.4632248878479
   423     4.354231e+01     2.247817e-01
 * time: 185.05196905136108
   424     4.354231e+01     2.078109e-01
 * time: 185.64093399047852
   425     4.354231e+01     2.149612e-01
 * time: 185.9340898990631
   426     4.354231e+01     2.010473e-01
 * time: 186.52599692344666
   427     4.354231e+01     2.032700e-01
 * time: 186.81153988838196
   428     4.354231e+01     1.964576e-01
 * time: 187.1027410030365
   429     4.354231e+01     1.901010e-01
 * time: 187.39586210250854
   430     4.354231e+01     1.765994e-01
 * time: 187.6913619041443
   431     4.354231e+01     1.732465e-01
 * time: 187.98615908622742
   432     4.354231e+01     1.545112e-01
 * time: 188.28185510635376
   433     4.354231e+01     1.591628e-01
 * time: 188.87245988845825
   434     4.343984e+01     1.206462e-01
 * time: 189.1679561138153
   435     4.343984e+01     1.105622e-01
 * time: 189.4628210067749
   436     4.343984e+01     1.038483e-01
 * time: 189.75724411010742
   437     4.343984e+01     1.335931e-01
 * time: 190.35099411010742
   438     4.333836e+01     1.268900e-01
 * time: 190.6451060771942
   439     4.333836e+01     1.428055e-01
 * time: 191.23544692993164
   440     4.328442e+01     1.288521e-01
 * time: 191.8279469013214
   441     4.328442e+01     1.205874e-01
 * time: 192.12346601486206
   442     4.328442e+01     1.120085e-01
 * time: 192.41922402381897
   443     4.328442e+01     1.024120e-01
 * time: 192.71518802642822
   444     4.328442e+01     9.163679e-02
 * time: 193.00985193252563
   445     4.328442e+01     8.203229e-02
 * time: 193.29891204833984
   446     4.328442e+01     1.135383e-01
 * time: 193.88141202926636
   447     4.316852e+01     1.083183e-01
 * time: 194.17867803573608
   448     4.316852e+01     1.015915e-01
 * time: 194.47438311576843
   449     4.316852e+01     9.814953e-02
 * time: 195.0650498867035
   450     4.316852e+01     9.368888e-02
 * time: 195.35886907577515
   451     4.316852e+01     7.926188e-02
 * time: 195.94852805137634
   452     4.316852e+01     7.572795e-02
 * time: 196.24401593208313
   453     4.316852e+01     7.368066e-02
 * time: 196.8320860862732
   454     4.315604e+01     6.916761e-02
 * time: 197.42486095428467
   455     4.315141e+01     6.952849e-02
 * time: 198.02167201042175
   456     4.313045e+01     6.572941e-02
 * time: 198.6130919456482
   457     4.312431e+01     5.610733e-02
 * time: 199.20391011238098
   458     4.312431e+01     4.809594e-02
 * time: 199.50008010864258
   459     4.312431e+01     4.999723e-02
 * time: 200.08128309249878
   460     4.306165e+01     4.218914e-02
 * time: 200.3718581199646
   461     4.306165e+01     3.377418e-02
 * time: 200.96140694618225
   462     4.306165e+01     2.743561e-02
 * time: 201.55317401885986
   463     4.306165e+01     4.454015e-02
 * time: 202.15633893013
   464     4.300834e+01     4.453497e-02
 * time: 202.7505919933319
   465     4.300834e+01     4.241836e-02
 * time: 203.3446400165558
   466     4.300834e+01     4.096326e-02
 * time: 203.6398949623108
   467     4.300834e+01     4.678869e-02
 * time: 203.93541407585144
   468     4.300834e+01     4.436577e-02
 * time: 204.23205399513245
   469     4.300834e+01     4.149471e-02
 * time: 204.8242790699005
   470     4.300834e+01     3.758086e-02
 * time: 205.4147560596466
   471     4.300834e+01     3.334527e-02
 * time: 206.00910902023315
   472     4.300834e+01     2.878964e-02
 * time: 206.3051950931549
   473     4.300834e+01     4.461814e-02
 * time: 206.884938955307
   474     4.293064e+01     4.130849e-02
 * time: 207.17649102210999
   475     4.293064e+01     3.951440e-02
 * time: 207.47086596488953
   476     4.293064e+01     3.788640e-02
 * time: 207.76620292663574
   477     4.293064e+01     3.644231e-02
 * time: 208.06095004081726
   478     4.293064e+01     3.477615e-02
 * time: 208.3571479320526
   479     4.293064e+01     5.832946e-02
 * time: 208.94823288917542
   480     4.285322e+01     5.607737e-02
 * time: 209.242329120636
   481     4.285322e+01     5.353047e-02
 * time: 209.54109692573547
   482     4.285322e+01     5.160762e-02
 * time: 210.13042092323303
   483     4.285322e+01     4.774765e-02
 * time: 210.7218210697174
   484     4.285322e+01     4.604052e-02
 * time: 211.0164499282837
   485     4.285322e+01     5.556858e-02
 * time: 211.60653591156006
   486     4.284132e+01     5.492518e-02
 * time: 211.90103793144226
   487     4.284132e+01     4.990059e-02
 * time: 212.19551801681519
   488     4.284132e+01     4.901685e-02
 * time: 212.78452706336975
   489     4.284132e+01     4.553311e-02
 * time: 213.07934498786926
   490     4.284132e+01     4.230712e-02
 * time: 213.66107606887817
   491     4.284132e+01     3.887029e-02
 * time: 214.25502610206604
   492     4.284132e+01     3.687551e-02
 * time: 214.84753394126892
   493     4.284132e+01     3.544598e-02
 * time: 215.1457281112671
   494     4.284132e+01     3.348075e-02
 * time: 215.44129610061646
   495     4.284132e+01     3.199811e-02
 * time: 215.73806810379028
   496     4.284132e+01     3.203418e-02
 * time: 216.03565311431885
   497     4.284132e+01     2.961028e-02
 * time: 216.6298270225525
   498     4.284132e+01     2.641950e-02
 * time: 216.92736291885376
   499     4.284132e+01     2.304624e-02
 * time: 217.23628497123718
   500     4.284132e+01     1.837962e-02
 * time: 217.5330729484558
   501     4.284132e+01     2.014675e-02
 * time: 218.1221959590912
   502     4.283096e+01     2.567859e-02
 * time: 218.71072006225586
   503     4.279926e+01     2.480953e-02
 * time: 221.94342303276062
   504     4.279780e+01     2.320609e-02
 * time: 222.53327012062073
   505     4.279780e+01     2.049149e-02
 * time: 223.1261749267578
   506     4.279780e+01     1.898601e-02
 * time: 223.42056798934937
   507     4.279780e+01     1.748054e-02
 * time: 224.0096890926361
   508     4.279780e+01     2.420045e-02
 * time: 224.5983428955078
   509     4.276599e+01     2.295263e-02
 * time: 225.19253396987915
   510     4.276599e+01     2.209322e-02
 * time: 225.4868381023407
   511     4.276599e+01     2.386939e-02
 * time: 228.72718501091003
   512     4.276599e+01     1.955450e-02
 * time: 229.3165099620819
   513     4.276599e+01     1.868561e-02
 * time: 229.61262106895447
   514     4.276599e+01     2.550998e-02
 * time: 230.2046799659729
   515     4.274405e+01     2.555681e-02
 * time: 230.4991478919983
   516     4.274405e+01     2.466966e-02
 * time: 230.7936909198761
   517     4.274405e+01     2.306603e-02
 * time: 231.08956909179688
   518     4.274405e+01     2.197455e-02
 * time: 231.681312084198
   519     4.274405e+01     2.012300e-02
 * time: 232.27237510681152
   520     4.274405e+01     1.820118e-02
 * time: 232.56834602355957
   521     4.274405e+01     1.620239e-02
 * time: 233.16362190246582
   522     4.274405e+01     1.863926e-02
 * time: 236.39119601249695
   523     4.274405e+01     1.609222e-02
 * time: 236.98606705665588
   524     4.274405e+01     1.440799e-02
 * time: 237.5750949382782
   525     4.274405e+01     1.238885e-02
 * time: 237.87017107009888
   526     4.274405e+01     1.174340e-02
 * time: 238.46227312088013
   527     4.274405e+01     1.168234e-02
 * time: 239.0508210659027
   528     4.274231e+01     1.034018e-02
 * time: 239.34583497047424
   529     4.274231e+01     8.964849e-03
 * time: 239.93577003479004
   530     4.274231e+01     1.141387e-02
 * time: 243.17235493659973
   531     4.274231e+01     1.045254e-02
 * time: 243.46796107292175
   532     4.274231e+01     9.570642e-03
 * time: 243.76375102996826
   533     4.274231e+01     8.702484e-03
 * time: 244.05879092216492
   534     4.274231e+01     1.605625e-02
 * time: 247.3110089302063
   535     4.273996e+01     1.480139e-02
 * time: 247.88712406158447
   536     4.273996e+01     1.252378e-02
 * time: 248.47830200195312
   537     4.273996e+01     1.287172e-02
 * time: 251.72002506256104
   538     4.273996e+01     1.115048e-02
 * time: 252.3142011165619
   539     4.273996e+01     1.017866e-02
 * time: 252.90282106399536
   540     4.273996e+01     1.472073e-02
 * time: 256.1327769756317
   541     4.273814e+01     1.356927e-02
 * time: 256.72200107574463
   542     4.273814e+01     1.307478e-02
 * time: 257.01697397232056
   543     4.273814e+01     1.408542e-02
 * time: 257.60673689842224
   544     4.273189e+01     1.306580e-02
 * time: 257.9011640548706
   545     4.273189e+01     2.083154e-02
 * time: 261.14454889297485
   546     4.271183e+01     1.883354e-02
 * time: 261.73093700408936
   547     4.271183e+01     1.548536e-02
 * time: 264.9957220554352
   548     4.271183e+01     1.540062e-02
 * time: 265.5872850418091
   549     4.271183e+01     1.580445e-02
 * time: 268.8207700252533
   550     4.271183e+01     1.574701e-02
 * time: 269.11528992652893
   551     4.271183e+01     1.437916e-02
 * time: 269.410178899765
   552     4.271183e+01     1.349111e-02
 * time: 269.9986970424652
   553     4.271183e+01     1.505931e-02
 * time: 273.2499899864197
   554     4.271183e+01     1.404667e-02
 * time: 273.5456840991974
   555     4.271183e+01     1.379753e-02
 * time: 274.1360731124878
   556     4.271183e+01     1.453294e-02
 * time: 274.4407479763031
   557     4.271183e+01     1.368920e-02
 * time: 274.7327370643616
   558     4.271183e+01     1.254361e-02
 * time: 275.0325999259949
   559     4.271183e+01     1.128617e-02
 * time: 275.3256959915161
   560     4.271183e+01     1.047148e-02
 * time: 275.6209979057312
   561     4.271183e+01     1.063582e-02
 * time: 275.9156959056854
   562     4.271183e+01     9.802607e-03
 * time: 276.5059781074524
   563     4.271183e+01     8.645890e-03
 * time: 277.0990529060364
   564     4.271183e+01     1.095356e-02
 * time: 280.34836602211
   565     4.271183e+01     9.826198e-03
 * time: 283.5838739871979
   566     4.271183e+01     8.504559e-03
 * time: 284.17436003685
   567     4.271183e+01     1.001116e-02
 * time: 287.43214201927185
   568     4.270538e+01     1.229606e-02
 * time: 290.6628201007843
   569     4.270538e+01     1.064074e-02
 * time: 291.25048899650574
   570     4.270538e+01     7.672218e-03
 * time: 291.83929204940796
   571     4.270538e+01     6.128571e-03
 * time: 292.42988300323486
   572     4.270538e+01     5.068135e-03
 * time: 292.72495889663696
   573     4.270538e+01     6.839811e-03
 * time: 295.95280289649963
   574     4.269729e+01     6.345005e-03
 * time: 296.5432059764862
   575     4.269729e+01     6.065902e-03
 * time: 296.83805203437805
   576     4.269729e+01     5.850870e-03
 * time: 297.1334779262543
   577     4.269729e+01     5.492417e-03
 * time: 297.72465896606445
   578     4.269729e+01     5.305385e-03
 * time: 298.3181059360504
   579     4.269729e+01     5.075391e-03
 * time: 298.6178050041199
   580     4.269729e+01     4.917412e-03
 * time: 298.91414308547974
   581     4.269729e+01     5.892855e-03
 * time: 302.1569049358368
   582     4.269729e+01     5.109892e-03
 * time: 302.73668789863586
   583     4.269729e+01     4.889765e-03
 * time: 303.3264241218567
   584     4.269729e+01     4.451938e-03
 * time: 303.91723895072937
   585     4.269729e+01     4.579202e-03
 * time: 307.1623270511627
   586     4.269729e+01     3.637500e-03
 * time: 307.7519690990448
   587     4.269729e+01     3.324091e-03
 * time: 308.04748797416687
   588     4.269729e+01     3.126474e-03
 * time: 308.6355640888214
   589     4.269729e+01     2.961624e-03
 * time: 308.92889404296875
   590     4.269729e+01     3.088659e-03
 * time: 309.21433091163635
   591     4.269729e+01     2.816644e-03
 * time: 309.80204606056213
   592     4.269729e+01     2.685986e-03
 * time: 310.096431016922
   593     4.269729e+01     2.654264e-03
 * time: 310.688246011734
   594     4.269574e+01     3.684904e-03
 * time: 313.9412589073181
   595     4.269529e+01     3.968233e-03
 * time: 317.171667098999
   596     4.269529e+01     3.505966e-03
 * time: 317.76460909843445
   597     4.269529e+01     3.188192e-03
 * time: 318.35592103004456
   598     4.269529e+01     2.469403e-03
 * time: 318.94516611099243
   599     4.269529e+01     2.345754e-03
 * time: 319.23966693878174
   600     4.269529e+01     2.173707e-03
 * time: 319.8273460865021
   601     4.269451e+01     2.091403e-03
 * time: 320.417799949646
   602     4.269451e+01     1.763119e-03
 * time: 320.7122609615326
   603     4.269451e+01     1.555769e-03
 * time: 321.30639696121216
   604     4.269324e+01     1.234266e-03
 * time: 321.89574003219604
   605     4.269324e+01     1.096848e-03
 * time: 322.4867250919342
   606     4.269324e+01     1.721195e-03
 * time: 325.74097895622253
   607     4.269242e+01     1.666966e-03
 * time: 326.33296394348145
   608     4.269242e+01     1.141457e-03
 * time: 329.5778160095215
   609     4.269242e+01     1.476740e-03
 * time: 332.8225259780884
   610     4.269242e+01     1.190374e-03
 * time: 333.1177558898926
   611     4.269242e+01     2.695511e-03
 * time: 336.38009095191956
   612     4.269128e+01     2.190486e-03
 * time: 336.97110295295715
   613     4.269128e+01     1.638295e-03
 * time: 337.5619659423828
   614     4.269128e+01     1.552700e-03
 * time: 338.1521680355072
   615     4.269128e+01     1.507996e-03
 * time: 338.447585105896
   616     4.269128e+01     1.418103e-03
 * time: 339.03827691078186
   617     4.269128e+01     1.334060e-03
 * time: 339.33250093460083
   618     4.269128e+01     1.246123e-03
 * time: 339.6268661022186
   619     4.269128e+01     1.157647e-03
 * time: 340.21605491638184
   620     4.269128e+01     1.124368e-03
 * time: 340.51133489608765
   621     4.269128e+01     1.635982e-03
 * time: 343.7457129955292
   622     4.269128e+01     1.528765e-03
 * time: 344.3334000110626
   623     4.269128e+01     1.310458e-03
 * time: 344.9289689064026
   624     4.269128e+01     1.114301e-03
 * time: 345.22490406036377
   625     4.269128e+01     9.286118e-04
 * time: 345.81498408317566
   626     4.269128e+01     8.080196e-04
 * time: 346.10993909835815
   627     4.269128e+01     9.757594e-04
 * time: 346.70141410827637
   628     4.269026e+01     9.510080e-04
 * time: 347.29302310943604
   629     4.269026e+01     9.000941e-04
 * time: 347.88409900665283
   630     4.269026e+01     8.871511e-04
 * time: 348.4849019050598
   631     4.269026e+01     8.367299e-04
 * time: 349.0759611129761
   632     4.269026e+01     7.827026e-04
 * time: 349.6653940677643
   633     4.269026e+01     7.692322e-04
 * time: 350.2513909339905
   634     4.269026e+01     7.299786e-04
 * time: 350.54147601127625
   635     4.269026e+01     6.893714e-04
 * time: 351.1297070980072
   636     4.269026e+01     6.538358e-04
 * time: 351.71772289276123
   637     4.269026e+01     6.191183e-04
 * time: 352.31080508232117
   638     4.269026e+01     6.098609e-04
 * time: 352.9012539386749
   639     4.269026e+01     8.500607e-04
 * time: 356.15417408943176
   640     4.269026e+01     6.791953e-04
 * time: 356.7412281036377
   641     4.269026e+01     1.114396e-03
 * time: 359.98028802871704
   642     4.269026e+01     1.096058e-03
 * time: 363.2258069515228
   643     4.269026e+01     1.260141e-03
 * time: 366.4619369506836
   644     4.269000e+01     9.257900e-04
 * time: 366.75670289993286
   645     4.269000e+01     8.054774e-04
 * time: 367.0514979362488
   646     4.269000e+01     1.045584e-03
 * time: 370.2978858947754
   647     4.268991e+01     6.246801e-04
 * time: 370.87339091300964
   648     4.268991e+01     4.134548e-04
 * time: 371.4648530483246
   649     4.268991e+01     7.002879e-04
 * time: 374.7121090888977
   650     4.268976e+01     5.719987e-04
 * time: 375.3064639568329
   651     4.268976e+01     5.516323e-04
 * time: 378.55590891838074
   652     4.268976e+01     4.953028e-04
 * time: 379.1506350040436
   653     4.268976e+01     5.967945e-04
 * time: 382.3956730365753
   654     4.268976e+01     6.583349e-04
 * time: 385.65748405456543
   655     4.268976e+01     5.964890e-04
 * time: 386.2504379749298
   656     4.268976e+01     4.992398e-04
 * time: 386.8461630344391
   657     4.268976e+01     6.362939e-04
 * time: 390.0875029563904
   658     4.268976e+01     5.044501e-04
 * time: 390.67340898513794
   659     4.268976e+01     5.720944e-04
 * time: 391.26327300071716
   660     4.268922e+01     7.626125e-04
 * time: 391.8516879081726
   661     4.268848e+01     7.901433e-04
 * time: 395.10781598091125
   662     4.268848e+01     7.735830e-04
 * time: 395.70081210136414
   663     4.268848e+01     6.821451e-04
 * time: 396.28965401649475
   664     4.268848e+01     6.539397e-04
 * time: 396.57962703704834
   665     4.268848e+01     6.169567e-04
 * time: 396.8705370426178
   666     4.268848e+01     5.583006e-04
 * time: 397.4614169597626
   667     4.268848e+01     5.364300e-04
 * time: 397.7585380077362
   668     4.268848e+01     4.773977e-04
 * time: 398.35058212280273
   669     4.268848e+01     5.092742e-04
 * time: 398.94974994659424
   670     4.268819e+01     6.759249e-04
 * time: 402.1953558921814
   671     4.268800e+01     6.741158e-04
 * time: 405.4356770515442
   672     4.268792e+01     6.296356e-04
 * time: 406.0259499549866
   673     4.268792e+01     6.101194e-04
 * time: 406.3249089717865
   674     4.268792e+01     5.522864e-04
 * time: 406.9160830974579
   675     4.268792e+01     6.081705e-04
 * time: 410.16007804870605
   676     4.268792e+01     4.104116e-04
 * time: 410.7483069896698
   677     4.268792e+01     3.559104e-04
 * time: 411.0420980453491
   678     4.268792e+01     3.316904e-04
 * time: 411.3380000591278
   679     4.268792e+01     2.789285e-04
 * time: 411.63402700424194
   680     4.268792e+01     2.575989e-04
 * time: 414.8761990070343
   681     4.268792e+01     2.320642e-04
 * time: 415.1717720031738
   682     4.268792e+01     2.241797e-04
 * time: 415.46689796447754
   683     4.268792e+01     2.188332e-04
 * time: 415.76142501831055
   684     4.268792e+01     2.196234e-04
 * time: 416.055890083313
   685     4.268792e+01     3.333089e-04
 * time: 416.6410450935364
   686     4.268733e+01     3.539542e-04
 * time: 416.92968702316284
   687     4.268733e+01     4.173612e-04
 * time: 420.1815540790558
   688     4.268733e+01     3.415338e-04
 * time: 420.4906289577484
   689     4.268733e+01     3.033243e-04
 * time: 421.0804240703583
   690     4.268733e+01     2.777632e-04
 * time: 421.6770660877228
   691     4.268733e+01     2.880899e-04
 * time: 421.9713559150696
   692     4.268733e+01     2.735896e-04
 * time: 422.56160593032837
   693     4.268733e+01     2.759242e-04
 * time: 422.8562150001526
   694     4.268733e+01     2.499651e-04
 * time: 423.14691495895386
   695     4.268733e+01     2.325226e-04
 * time: 423.43447399139404
   696     4.268733e+01     2.063207e-04
 * time: 424.02226305007935
   697     4.268733e+01     2.158343e-04
 * time: 424.61256194114685
   698     4.268711e+01     1.981933e-04
 * time: 424.907399892807
   699     4.268711e+01     1.789191e-04
 * time: 425.50233697891235
   700     4.268711e+01     1.523767e-04
 * time: 425.7972409725189
   701     4.268711e+01     1.403230e-04
 * time: 426.38807106018066
   702     4.268711e+01     1.370547e-04
 * time: 426.6827030181885
   703     4.268711e+01     1.837721e-04
 * time: 427.27386593818665
   704     4.268692e+01     1.781356e-04
 * time: 427.5686569213867
   705     4.268692e+01     1.995999e-04
 * time: 430.79713702201843
   706     4.268692e+01     2.010326e-04
 * time: 434.04890608787537
   707     4.268692e+01     1.964316e-04
 * time: 434.3448259830475
   708     4.268692e+01     1.974680e-04
 * time: 437.5781989097595
   709     4.268692e+01     1.830346e-04
 * time: 438.1681270599365
   710     4.268692e+01     1.685186e-04
 * time: 438.4631369113922
   711     4.268692e+01     1.583247e-04
 * time: 438.7569189071655
   712     4.268692e+01     1.474789e-04
 * time: 439.0521640777588
   713     4.268692e+01     1.585433e-04
 * time: 442.3011429309845
   714     4.268692e+01     1.667331e-04
 * time: 442.88903403282166
   715     4.268688e+01     1.858473e-04
 * time: 446.145800113678
   716     4.268688e+01     1.856337e-04
 * time: 446.739627122879
   717     4.268688e+01     1.657378e-04
 * time: 447.03572702407837
   718     4.268688e+01     1.438119e-04
 * time: 447.6264719963074
   719     4.268688e+01     1.402633e-04
 * time: 450.8705050945282
   720     4.268688e+01     1.402633e-04
 * time: 454.1218240261078
   721     4.268688e+01     1.402633e-04
 * time: 457.3851320743561
   722     4.268688e+01     1.421385e-04
 * time: 460.6376450061798
   723     4.268688e+01     1.466419e-04
 * time: 463.8797860145569
   724     4.268688e+01     1.339565e-04
 * time: 464.17329692840576
   725     4.268688e+01     1.235523e-04
 * time: 464.46717500686646
   726     4.268688e+01     1.009899e-04
 * time: 465.05691504478455
   727     4.268688e+01     8.085917e-05
 * time: 465.35206389427185
   728     4.268688e+01     8.024885e-05
 * time: 468.6090829372406
   729     4.268688e+01     8.024885e-05
 * time: 471.84881711006165
   730     4.268688e+01     8.024885e-05
 * time: 475.0996251106262
   731     4.268688e+01     8.024885e-05
 * time: 478.33258605003357
   732     4.268688e+01     8.024885e-05
 * time: 481.58477997779846
   733     4.268688e+01     8.024885e-05
 * time: 484.82031297683716
   734     4.268688e+01     8.117212e-05
 * time: 488.0695219039917
   735     4.268688e+01     8.117212e-05
 * time: 491.30448293685913
   736     4.268688e+01     8.171274e-05
 * time: 494.5438919067383
   737     4.268688e+01     8.171274e-05
 * time: 497.79441595077515
   738     4.268688e+01     8.171274e-05
 * time: 501.03134393692017
   739     4.268688e+01     8.171274e-05
 * time: 504.28542304039
   740     4.268688e+01     1.787513e-05
 * time: 504.87095308303833
   741     4.268688e+01     1.787513e-05
 * time: 508.128005027771
   742     4.268688e+01     7.105427e-15
 * time: 511.3785378932953
"doing trial $(b)" = "doing trial 1"
"doing trial $(b)" = "doing trial 2"
"doing trial $(b)" = "doing trial 3"
"doing trial $(b)" = "doing trial 4"
"doing trial $(b)" = "doing trial 5"
"doing trial $(b)" = "doing trial 6"
"doing trial $(b)" = "doing trial 7"
"doing trial $(b)" = "doing trial 8"
"doing trial $(b)" = "doing trial 9"
"doing trial $(b)" = "doing trial 10"
"doing trial $(b)" = "doing trial 11"
"doing trial $(b)" = "doing trial 12"
"doing trial $(b)" = "doing trial 13"
"doing trial $(b)" = "doing trial 14"
"doing trial $(b)" = "doing trial 15"
"doing trial $(b)" = "doing trial 16"
"doing trial $(b)" = "doing trial 17"
"doing trial $(b)" = "doing trial 18"
"doing trial $(b)" = "doing trial 19"
"doing trial $(b)" = "doing trial 20"
"doing trial $(b)" = "doing trial 21"
"doing trial $(b)" = "doing trial 22"
"doing trial $(b)" = "doing trial 23"
"doing trial $(b)" = "doing trial 24"
"doing trial $(b)" = "doing trial 25"
"doing trial $(b)" = "doing trial 26"
"doing trial $(b)" = "doing trial 27"
"doing trial $(b)" = "doing trial 28"
"doing trial $(b)" = "doing trial 29"
"doing trial $(b)" = "doing trial 30"
"doing trial $(b)" = "doing trial 31"
"doing trial $(b)" = "doing trial 32"
"doing trial $(b)" = "doing trial 33"
"doing trial $(b)" = "doing trial 34"
"doing trial $(b)" = "doing trial 35"
"doing trial $(b)" = "doing trial 36"
"doing trial $(b)" = "doing trial 37"
"doing trial $(b)" = "doing trial 38"
"doing trial $(b)" = "doing trial 39"
"doing trial $(b)" = "doing trial 40"
"doing trial $(b)" = "doing trial 41"
"doing trial $(b)" = "doing trial 42"
"doing trial $(b)" = "doing trial 43"
"doing trial $(b)" = "doing trial 44"
"doing trial $(b)" = "doing trial 45"
"doing trial $(b)" = "doing trial 46"
"doing trial $(b)" = "doing trial 47"
"doing trial $(b)" = "doing trial 48"
"doing trial $(b)" = "doing trial 49"
"doing trial $(b)" = "doing trial 50"
